[ 2016-06-06T18:39:15+08:00 ] 0.0.0.0 /dandelionBlog/admin.php/Login/logout
INFO: [ app_begin ] --START--
INFO: Run ReadHtmlCache Behavior [ RunTime:0.001000s ]
INFO: [ app_begin ] --END-- [ RunTime:0.001000s ]
NOTIC: [8192] mysql_connect(): The mysql extension is deprecated and will be removed in the future: use mysqli or PDO instead E:\RecordOfLearn\Web\www\dandelionBlog\ThinkPHP\Lib\Driver\Db\DbMysql.class.php 第 55 行.
SQL: SHOW COLUMNS FROM `dandelionblog_other` [ RunTime:0.005000s ]
NOTIC: [8192] preg_replace(): The /e modifier is deprecated, use preg_replace_callback instead E:\RecordOfLearn\Web\www\dandelionBlog\ThinkPHP\Lib\Core\Db.class.php 第 568 行.
SQL: SELECT * FROM `dandelionblog_other` WHERE ( `id` = 0 ) LIMIT 1   [ RunTime:0.001000s ]
SQL: UPDATE `dandelionblog_other` SET `total_visit`=508 WHERE ( id = 0 ) [ RunTime:0.001000s ]

[ 2016-06-06T18:42:19+08:00 ] 0.0.0.0 /dandelionBlog/admin.php/Login/logout
INFO: [ app_begin ] --START--
INFO: Run ReadHtmlCache Behavior [ RunTime:0.001000s ]
INFO: [ app_begin ] --END-- [ RunTime:0.001000s ]
NOTIC: [8192] mysql_connect(): The mysql extension is deprecated and will be removed in the future: use mysqli or PDO instead E:\RecordOfLearn\Web\www\dandelionBlog\ThinkPHP\Lib\Driver\Db\DbMysql.class.php 第 55 行.
SQL: SHOW COLUMNS FROM `dandelionblog_other` [ RunTime:0.005001s ]
NOTIC: [8192] preg_replace(): The /e modifier is deprecated, use preg_replace_callback instead E:\RecordOfLearn\Web\www\dandelionBlog\ThinkPHP\Lib\Core\Db.class.php 第 568 行.
SQL: SELECT * FROM `dandelionblog_other` WHERE ( `id` = 0 ) LIMIT 1   [ RunTime:0.000000s ]
SQL: UPDATE `dandelionblog_other` SET `total_visit`=509 WHERE ( id = 0 ) [ RunTime:0.000000s ]

[ 2016-06-06T18:42:27+08:00 ] 0.0.0.0 /dandelionBlog/admin.php/Login/logout
INFO: [ app_begin ] --START--
INFO: Run ReadHtmlCache Behavior [ RunTime:0.001000s ]
INFO: [ app_begin ] --END-- [ RunTime:0.001000s ]
NOTIC: [8192] mysql_connect(): The mysql extension is deprecated and will be removed in the future: use mysqli or PDO instead E:\RecordOfLearn\Web\www\dandelionBlog\ThinkPHP\Lib\Driver\Db\DbMysql.class.php 第 55 行.
SQL: SHOW COLUMNS FROM `dandelionblog_other` [ RunTime:0.005001s ]
NOTIC: [8192] preg_replace(): The /e modifier is deprecated, use preg_replace_callback instead E:\RecordOfLearn\Web\www\dandelionBlog\ThinkPHP\Lib\Core\Db.class.php 第 568 行.
SQL: SELECT * FROM `dandelionblog_other` WHERE ( `id` = 0 ) LIMIT 1   [ RunTime:0.000000s ]
SQL: UPDATE `dandelionblog_other` SET `total_visit`=511 WHERE ( id = 0 ) [ RunTime:0.001000s ]

[ 2016-06-06T18:42:39+08:00 ] 0.0.0.0 /dandelionBlog/admin.php/Login/logout
INFO: [ app_begin ] --START--
INFO: Run ReadHtmlCache Behavior [ RunTime:0.001000s ]
INFO: [ app_begin ] --END-- [ RunTime:0.002000s ]
NOTIC: [8192] mysql_connect(): The mysql extension is deprecated and will be removed in the future: use mysqli or PDO instead E:\RecordOfLearn\Web\www\dandelionBlog\ThinkPHP\Lib\Driver\Db\DbMysql.class.php 第 55 行.
SQL: SHOW COLUMNS FROM `dandelionblog_other` [ RunTime:0.004001s ]
NOTIC: [8192] preg_replace(): The /e modifier is deprecated, use preg_replace_callback instead E:\RecordOfLearn\Web\www\dandelionBlog\ThinkPHP\Lib\Core\Db.class.php 第 568 行.
SQL: SELECT * FROM `dandelionblog_other` WHERE ( `id` = 0 ) LIMIT 1   [ RunTime:0.001000s ]
SQL: UPDATE `dandelionblog_other` SET `total_visit`=513 WHERE ( id = 0 ) [ RunTime:0.000000s ]

[ 2016-06-06T18:43:03+08:00 ] 0.0.0.0 /dandelionBlog/admin.php/Login/logout
INFO: [ app_begin ] --START--
INFO: Run ReadHtmlCache Behavior [ RunTime:0.000000s ]
INFO: [ app_begin ] --END-- [ RunTime:0.002001s ]
NOTIC: [8192] mysql_connect(): The mysql extension is deprecated and will be removed in the future: use mysqli or PDO instead E:\RecordOfLearn\Web\www\dandelionBlog\ThinkPHP\Lib\Driver\Db\DbMysql.class.php 第 55 行.
SQL: SHOW COLUMNS FROM `dandelionblog_other` [ RunTime:0.004000s ]
NOTIC: [8192] preg_replace(): The /e modifier is deprecated, use preg_replace_callback instead E:\RecordOfLearn\Web\www\dandelionBlog\ThinkPHP\Lib\Core\Db.class.php 第 568 行.
SQL: SELECT * FROM `dandelionblog_other` WHERE ( `id` = 0 ) LIMIT 1   [ RunTime:0.001001s ]
SQL: UPDATE `dandelionblog_other` SET `total_visit`=514 WHERE ( id = 0 ) [ RunTime:0.000000s ]
NOTIC: [2] session_destroy(): Session object destruction failed E:\RecordOfLearn\Web\www\dandelionBlog\Admin\Lib\Action\LoginAction.class.php 第 27 行.

