[ 2016-05-27T17:28:06+08:00 ] 0.0.0.0 /dandelionblog/Index/IsLogin
INFO: [ app_begin ] --START--
INFO: Run ReadHtmlCache Behavior [ RunTime:0.001000s ]
INFO: [ app_begin ] --END-- [ RunTime:0.001000s ]
NOTIC: [8] Undefined index: login E:\RecordOfLearn\Web\www\dandelionBlog\Home\Lib\Action\IndexAction.class.php 第 82 行.

[ 2016-05-27T17:28:06+08:00 ] 0.0.0.0 /dandelionblog/Index/limit
INFO: [ app_begin ] --START--
INFO: Run ReadHtmlCache Behavior [ RunTime:0.000000s ]
INFO: [ app_begin ] --END-- [ RunTime:0.002000s ]

[ 2016-05-27T17:28:06+08:00 ] 0.0.0.0 /dandelionblog/Index/limit
INFO: [ app_begin ] --START--
INFO: Run ReadHtmlCache Behavior [ RunTime:0.000000s ]
INFO: [ app_begin ] --END-- [ RunTime:0.000000s ]

[ 2016-05-27T17:35:14+08:00 ] 0.0.0.0 /dandelionblog/index.php/Index/IsLogin
INFO: [ app_begin ] --START--
INFO: Run ReadHtmlCache Behavior [ RunTime:0.001000s ]
INFO: [ app_begin ] --END-- [ RunTime:0.002000s ]
NOTIC: [8] Undefined index: login E:\RecordOfLearn\Web\www\dandelionBlog\Home\Lib\Action\IndexAction.class.php 第 82 行.

[ 2016-05-27T17:35:14+08:00 ] 0.0.0.0 /dandelionblog/index.php/Index/limit
INFO: [ app_begin ] --START--
INFO: Run ReadHtmlCache Behavior [ RunTime:0.001000s ]
INFO: [ app_begin ] --END-- [ RunTime:0.001000s ]

[ 2016-05-27T17:35:14+08:00 ] 0.0.0.0 /dandelionblog/index.php/Index/limit
INFO: [ app_begin ] --START--
INFO: Run ReadHtmlCache Behavior [ RunTime:0.000000s ]
INFO: [ app_begin ] --END-- [ RunTime:0.001000s ]

[ 2016-05-27T17:41:25+08:00 ] 0.0.0.0 /dandelionblog/index.php/Index/IsLogin
INFO: [ app_begin ] --START--
INFO: Run ReadHtmlCache Behavior [ RunTime:0.001000s ]
INFO: [ app_begin ] --END-- [ RunTime:0.002000s ]
NOTIC: [8] Undefined index: login E:\RecordOfLearn\Web\www\dandelionBlog\Home\Lib\Action\IndexAction.class.php 第 82 行.

[ 2016-05-27T17:41:25+08:00 ] 0.0.0.0 /dandelionblog/index.php/Index/limit
INFO: [ app_begin ] --START--
INFO: Run ReadHtmlCache Behavior [ RunTime:0.001000s ]
INFO: [ app_begin ] --END-- [ RunTime:0.002000s ]

[ 2016-05-27T17:41:25+08:00 ] 0.0.0.0 /dandelionblog/index.php/Index/limit
INFO: [ app_begin ] --START--
INFO: Run ReadHtmlCache Behavior [ RunTime:0.003000s ]
INFO: [ app_begin ] --END-- [ RunTime:0.003000s ]

[ 2016-05-27T17:44:18+08:00 ] 0.0.0.0 /dandelionblog/index.php/Index/IsLogin
INFO: [ app_begin ] --START--
INFO: Run ReadHtmlCache Behavior [ RunTime:0.001000s ]
INFO: [ app_begin ] --END-- [ RunTime:0.001000s ]
NOTIC: [8] Undefined index: login E:\RecordOfLearn\Web\www\dandelionBlog\Home\Lib\Action\IndexAction.class.php 第 82 行.

[ 2016-05-27T17:44:18+08:00 ] 0.0.0.0 /dandelionblog/index.php/Index/limit
INFO: [ app_begin ] --START--
INFO: Run ReadHtmlCache Behavior [ RunTime:0.001000s ]
INFO: [ app_begin ] --END-- [ RunTime:0.001000s ]

[ 2016-05-27T17:44:18+08:00 ] 0.0.0.0 /dandelionblog/index.php/Index/limit
INFO: [ app_begin ] --START--
INFO: Run ReadHtmlCache Behavior [ RunTime:0.001000s ]
INFO: [ app_begin ] --END-- [ RunTime:0.001000s ]

[ 2016-05-27T17:49:38+08:00 ] 0.0.0.0 /dandelionblog/index.php/Index/IsLogin
INFO: [ app_begin ] --START--
INFO: Run ReadHtmlCache Behavior [ RunTime:0.001000s ]
INFO: [ app_begin ] --END-- [ RunTime:0.001000s ]
NOTIC: [8] Undefined index: login E:\RecordOfLearn\Web\www\dandelionBlog\Home\Lib\Action\IndexAction.class.php 第 82 行.

[ 2016-05-27T17:49:38+08:00 ] 0.0.0.0 /dandelionblog/index.php/Index/limit
INFO: [ app_begin ] --START--
INFO: Run ReadHtmlCache Behavior [ RunTime:0.001000s ]
INFO: [ app_begin ] --END-- [ RunTime:0.001000s ]

[ 2016-05-27T17:49:38+08:00 ] 0.0.0.0 /dandelionblog/index.php/Index/limit
INFO: [ app_begin ] --START--
INFO: Run ReadHtmlCache Behavior [ RunTime:0.001000s ]
INFO: [ app_begin ] --END-- [ RunTime:0.001000s ]

[ 2016-05-27T17:50:09+08:00 ] 0.0.0.0 /dandelionblog/index.php/Index/IsLogin
INFO: [ app_begin ] --START--
INFO: Run ReadHtmlCache Behavior [ RunTime:0.001000s ]
INFO: [ app_begin ] --END-- [ RunTime:0.001000s ]
NOTIC: [8] Undefined index: login E:\RecordOfLearn\Web\www\dandelionBlog\Home\Lib\Action\IndexAction.class.php 第 82 行.

[ 2016-05-27T17:50:09+08:00 ] 0.0.0.0 /dandelionblog/index.php/Index/limit
INFO: [ app_begin ] --START--
INFO: Run ReadHtmlCache Behavior [ RunTime:0.001000s ]
INFO: [ app_begin ] --END-- [ RunTime:0.001000s ]

[ 2016-05-27T17:50:09+08:00 ] 0.0.0.0 /dandelionblog/index.php/Index/limit
INFO: [ app_begin ] --START--
INFO: Run ReadHtmlCache Behavior [ RunTime:0.001000s ]
INFO: [ app_begin ] --END-- [ RunTime:0.001000s ]

[ 2016-05-27T17:51:06+08:00 ] 0.0.0.0 /dandelionblog/index.php/Register/check_name
INFO: [ app_begin ] --START--
INFO: Run ReadHtmlCache Behavior [ RunTime:0.001000s ]
INFO: [ app_begin ] --END-- [ RunTime:0.001000s ]
NOTIC: [8192] mysql_connect(): The mysql extension is deprecated and will be removed in the future: use mysqli or PDO instead E:\RecordOfLearn\Web\www\dandelionBlog\ThinkPHP\Lib\Driver\Db\DbMysql.class.php 第 55 行.
SQL: SHOW COLUMNS FROM `myblog_user` [ RunTime:0.064004s ]
NOTIC: [8192] preg_replace(): The /e modifier is deprecated, use preg_replace_callback instead E:\RecordOfLearn\Web\www\dandelionBlog\ThinkPHP\Lib\Core\Db.class.php 第 568 行.
SQL: SELECT COUNT(*) AS tp_count FROM `myblog_user` WHERE ( `name` = 'snail' ) LIMIT 1   [ RunTime:0.020001s ]

[ 2016-05-27T17:51:21+08:00 ] 0.0.0.0 /dandelionblog/index.php/Index/IsLogin
INFO: [ app_begin ] --START--
INFO: Run ReadHtmlCache Behavior [ RunTime:0.001000s ]
INFO: [ app_begin ] --END-- [ RunTime:0.001000s ]
NOTIC: [8] Undefined index: login E:\RecordOfLearn\Web\www\dandelionBlog\Home\Lib\Action\IndexAction.class.php 第 82 行.

[ 2016-05-27T17:51:21+08:00 ] 0.0.0.0 /dandelionblog/index.php/Index/limit
INFO: [ app_begin ] --START--
INFO: Run ReadHtmlCache Behavior [ RunTime:0.001000s ]
INFO: [ app_begin ] --END-- [ RunTime:0.001000s ]

[ 2016-05-27T17:51:21+08:00 ] 0.0.0.0 /dandelionblog/index.php/Index/limit
INFO: [ app_begin ] --START--
INFO: Run ReadHtmlCache Behavior [ RunTime:0.001000s ]
INFO: [ app_begin ] --END-- [ RunTime:0.001000s ]

[ 2016-05-27T17:51:26+08:00 ] 0.0.0.0 /dandelionblog/index.php/Login/check
INFO: [ app_begin ] --START--
INFO: Run ReadHtmlCache Behavior [ RunTime:0.001000s ]
INFO: [ app_begin ] --END-- [ RunTime:0.002000s ]

[ 2016-05-27T17:51:29+08:00 ] 0.0.0.0 /dandelionblog/index.php/Login/check
INFO: [ app_begin ] --START--
INFO: Run ReadHtmlCache Behavior [ RunTime:0.002000s ]
INFO: [ app_begin ] --END-- [ RunTime:0.002000s ]

[ 2016-05-27T17:51:29+08:00 ] 0.0.0.0 /dandelionblog/index.php/Index/IsLogin
INFO: [ app_begin ] --START--
INFO: Run ReadHtmlCache Behavior [ RunTime:0.001000s ]
INFO: [ app_begin ] --END-- [ RunTime:0.001000s ]

[ 2016-05-27T17:51:29+08:00 ] 0.0.0.0 /dandelionblog/index.php/Index/limit
INFO: [ app_begin ] --START--
INFO: Run ReadHtmlCache Behavior [ RunTime:0.001000s ]
INFO: [ app_begin ] --END-- [ RunTime:0.001000s ]

[ 2016-05-27T17:51:30+08:00 ] 0.0.0.0 /dandelionblog/index.php/Index/limit
INFO: [ app_begin ] --START--
INFO: Run ReadHtmlCache Behavior [ RunTime:0.001000s ]
INFO: [ app_begin ] --END-- [ RunTime:0.001000s ]

[ 2016-05-27T17:51:31+08:00 ] ERR: (ThinkException) 非法操作:Images
[ 2016-05-27T17:51:32+08:00 ] ERR: (ThinkException) 非法操作:Images
[ 2016-05-27T17:51:32+08:00 ] ERR: (ThinkException) 非法操作:Images
[ 2016-05-27T17:51:32+08:00 ] ERR: (ThinkException) 非法操作:Images
[ 2016-05-27T17:51:32+08:00 ] ERR: (ThinkException) 非法操作:Images
[ 2016-05-27T17:51:33+08:00 ] ERR: (ThinkException) 非法操作:Images
[ 2016-05-27T17:51:34+08:00 ] ERR: (ThinkException) 非法操作:Images
[ 2016-05-27T17:51:35+08:00 ] ERR: (ThinkException) 非法操作:Images
[ 2016-05-27T17:51:35+08:00 ] ERR: (ThinkException) 非法操作:Images
[ 2016-05-27T17:51:35+08:00 ] ERR: (ThinkException) 非法操作:Images
[ 2016-05-27T17:51:36+08:00 ] ERR: (ThinkException) 非法操作:Images
[ 2016-05-27T17:51:36+08:00 ] ERR: (ThinkException) 非法操作:Images
[ 2016-05-27T17:51:37+08:00 ] ERR: (ThinkException) 非法操作:Images
[ 2016-05-27T17:51:37+08:00 ] ERR: (ThinkException) 非法操作:Images
[ 2016-05-27T17:51:37+08:00 ] ERR: (ThinkException) 非法操作:Images
[ 2016-05-27T17:51:38+08:00 ] ERR: (ThinkException) 非法操作:Images
[ 2016-05-27T17:51:39+08:00 ] ERR: (ThinkException) 非法操作:Images
[ 2016-05-27T17:51:39+08:00 ] ERR: (ThinkException) 非法操作:Images
[ 2016-05-27T17:51:39+08:00 ] ERR: (ThinkException) 非法操作:Images
[ 2016-05-27T17:51:39+08:00 ] ERR: (ThinkException) 非法操作:Images
[ 2016-05-27T17:51:39+08:00 ] ERR: (ThinkException) 非法操作:Images
[ 2016-05-27T17:51:40+08:00 ] ERR: (ThinkException) 非法操作:Images
[ 2016-05-27T17:51:40+08:00 ] 0.0.0.0 /dandelionblog/index.php/Index/IsLogin
INFO: [ app_begin ] --START--
INFO: Run ReadHtmlCache Behavior [ RunTime:0.000000s ]
INFO: [ app_begin ] --END-- [ RunTime:0.001001s ]
NOTIC: [8] Undefined index: login E:\RecordOfLearn\Web\www\dandelionBlog\Home\Lib\Action\IndexAction.class.php 第 82 行.

[ 2016-05-27T17:51:40+08:00 ] 0.0.0.0 /dandelionblog/index.php/Index/limit
INFO: [ app_begin ] --START--
INFO: Run ReadHtmlCache Behavior [ RunTime:0.001000s ]
INFO: [ app_begin ] --END-- [ RunTime:0.001000s ]

[ 2016-05-27T17:51:40+08:00 ] 0.0.0.0 /dandelionblog/index.php/Index/limit
INFO: [ app_begin ] --START--
INFO: Run ReadHtmlCache Behavior [ RunTime:0.001000s ]
INFO: [ app_begin ] --END-- [ RunTime:0.002000s ]

[ 2016-05-27T17:51:46+08:00 ] 0.0.0.0 /dandelionblog/index.php/Login/check
INFO: [ app_begin ] --START--
INFO: Run ReadHtmlCache Behavior [ RunTime:0.001000s ]
INFO: [ app_begin ] --END-- [ RunTime:0.001000s ]

[ 2016-05-27T17:51:49+08:00 ] 0.0.0.0 /dandelionblog/index.php/Login/check
INFO: [ app_begin ] --START--
INFO: Run ReadHtmlCache Behavior [ RunTime:0.001000s ]
INFO: [ app_begin ] --END-- [ RunTime:0.001000s ]

[ 2016-05-27T17:51:49+08:00 ] 0.0.0.0 /dandelionblog/index.php/Index/IsLogin
INFO: [ app_begin ] --START--
INFO: Run ReadHtmlCache Behavior [ RunTime:0.001000s ]
INFO: [ app_begin ] --END-- [ RunTime:0.001000s ]

[ 2016-05-27T17:51:50+08:00 ] 0.0.0.0 /dandelionblog/index.php/Index/limit
INFO: [ app_begin ] --START--
INFO: Run ReadHtmlCache Behavior [ RunTime:0.001000s ]
INFO: [ app_begin ] --END-- [ RunTime:0.001000s ]

[ 2016-05-27T17:51:50+08:00 ] 0.0.0.0 /dandelionblog/index.php/Index/limit
INFO: [ app_begin ] --START--
INFO: Run ReadHtmlCache Behavior [ RunTime:0.001000s ]
INFO: [ app_begin ] --END-- [ RunTime:0.001000s ]

[ 2016-05-27T17:51:50+08:00 ] ERR: (ThinkException) 非法操作:Images
[ 2016-05-27T17:51:51+08:00 ] ERR: (ThinkException) 非法操作:Images
[ 2016-05-27T17:51:51+08:00 ] ERR: (ThinkException) 非法操作:Images
[ 2016-05-27T17:51:52+08:00 ] ERR: (ThinkException) 非法操作:Images
[ 2016-05-27T17:52:39+08:00 ] ERR: (ThinkException) 非法操作:Images
[ 2016-05-27T17:52:39+08:00 ] ERR: (ThinkException) 非法操作:Images
[ 2016-05-27T17:52:39+08:00 ] ERR: (ThinkException) 非法操作:Images
[ 2016-05-27T17:52:39+08:00 ] ERR: (ThinkException) 非法操作:Images
[ 2016-05-27T17:52:39+08:00 ] ERR: (ThinkException) 非法操作:Images
[ 2016-05-27T17:52:40+08:00 ] ERR: (ThinkException) 非法操作:Images
[ 2016-05-27T17:52:40+08:00 ] ERR: (ThinkException) 非法操作:Images
[ 2016-05-27T17:52:40+08:00 ] 0.0.0.0 /dandelionblog/index.php/Index/IsLogin
INFO: [ app_begin ] --START--
INFO: Run ReadHtmlCache Behavior [ RunTime:0.000000s ]
INFO: [ app_begin ] --END-- [ RunTime:0.001000s ]
NOTIC: [8] Undefined index: login E:\RecordOfLearn\Web\www\dandelionBlog\Home\Lib\Action\IndexAction.class.php 第 82 行.

[ 2016-05-27T17:52:40+08:00 ] 0.0.0.0 /dandelionblog/index.php/Index/limit
INFO: [ app_begin ] --START--
INFO: Run ReadHtmlCache Behavior [ RunTime:0.001000s ]
INFO: [ app_begin ] --END-- [ RunTime:0.001000s ]

[ 2016-05-27T17:52:40+08:00 ] 0.0.0.0 /dandelionblog/index.php/Index/limit
INFO: [ app_begin ] --START--
INFO: Run ReadHtmlCache Behavior [ RunTime:0.001000s ]
INFO: [ app_begin ] --END-- [ RunTime:0.001000s ]

[ 2016-05-27T17:52:44+08:00 ] 0.0.0.0 /dandelionblog/index.php/Login/check
INFO: [ app_begin ] --START--
INFO: Run ReadHtmlCache Behavior [ RunTime:0.001000s ]
INFO: [ app_begin ] --END-- [ RunTime:0.001000s ]

[ 2016-05-27T17:52:47+08:00 ] 0.0.0.0 /dandelionblog/index.php/Login/check
INFO: [ app_begin ] --START--
INFO: Run ReadHtmlCache Behavior [ RunTime:0.001000s ]
INFO: [ app_begin ] --END-- [ RunTime:0.001000s ]

[ 2016-05-27T17:52:47+08:00 ] 0.0.0.0 /dandelionblog/index.php/Index/IsLogin
INFO: [ app_begin ] --START--
INFO: Run ReadHtmlCache Behavior [ RunTime:0.001000s ]
INFO: [ app_begin ] --END-- [ RunTime:0.001000s ]

[ 2016-05-27T17:52:47+08:00 ] 0.0.0.0 /dandelionblog/index.php/Index/limit
INFO: [ app_begin ] --START--
INFO: Run ReadHtmlCache Behavior [ RunTime:0.001000s ]
INFO: [ app_begin ] --END-- [ RunTime:0.001000s ]

[ 2016-05-27T17:52:47+08:00 ] 0.0.0.0 /dandelionblog/index.php/Index/limit
INFO: [ app_begin ] --START--
INFO: Run ReadHtmlCache Behavior [ RunTime:0.001000s ]
INFO: [ app_begin ] --END-- [ RunTime:0.001000s ]

[ 2016-05-27T17:52:52+08:00 ] 0.0.0.0 /dandelionblog/index.php/Index/IsLogin
INFO: [ app_begin ] --START--
INFO: Run ReadHtmlCache Behavior [ RunTime:0.000000s ]
INFO: [ app_begin ] --END-- [ RunTime:0.000000s ]
NOTIC: [8] Undefined index: login E:\RecordOfLearn\Web\www\dandelionBlog\Home\Lib\Action\IndexAction.class.php 第 82 行.

[ 2016-05-27T17:52:53+08:00 ] 0.0.0.0 /dandelionblog/index.php/Index/limit
INFO: [ app_begin ] --START--
INFO: Run ReadHtmlCache Behavior [ RunTime:0.001000s ]
INFO: [ app_begin ] --END-- [ RunTime:0.001000s ]

[ 2016-05-27T17:52:53+08:00 ] 0.0.0.0 /dandelionblog/index.php/Index/limit
INFO: [ app_begin ] --START--
INFO: Run ReadHtmlCache Behavior [ RunTime:0.001000s ]
INFO: [ app_begin ] --END-- [ RunTime:0.001000s ]

[ 2016-05-27T17:56:54+08:00 ] 0.0.0.0 /dandelionblog/index.php/Index/IsLogin
INFO: [ app_begin ] --START--
INFO: Run ReadHtmlCache Behavior [ RunTime:0.001000s ]
INFO: [ app_begin ] --END-- [ RunTime:0.001000s ]
NOTIC: [8] Undefined index: login E:\RecordOfLearn\Web\www\dandelionBlog\Home\Lib\Action\IndexAction.class.php 第 82 行.

[ 2016-05-27T17:56:54+08:00 ] 0.0.0.0 /dandelionblog/index.php/Index/limit
INFO: [ app_begin ] --START--
INFO: Run ReadHtmlCache Behavior [ RunTime:0.001000s ]
INFO: [ app_begin ] --END-- [ RunTime:0.001000s ]

[ 2016-05-27T17:56:54+08:00 ] 0.0.0.0 /dandelionblog/index.php/Index/limit
INFO: [ app_begin ] --START--
INFO: Run ReadHtmlCache Behavior [ RunTime:0.001000s ]
INFO: [ app_begin ] --END-- [ RunTime:0.001000s ]

[ 2016-05-27T17:57:04+08:00 ] 0.0.0.0 /dandelionblog/index.php/Index/IsLogin
INFO: [ app_begin ] --START--
INFO: Run ReadHtmlCache Behavior [ RunTime:0.000000s ]
INFO: [ app_begin ] --END-- [ RunTime:0.001000s ]
NOTIC: [8] Undefined index: login E:\RecordOfLearn\Web\www\dandelionBlog\Home\Lib\Action\IndexAction.class.php 第 82 行.

[ 2016-05-27T17:57:04+08:00 ] 0.0.0.0 /dandelionblog/index.php/Index/limit
INFO: [ app_begin ] --START--
INFO: Run ReadHtmlCache Behavior [ RunTime:0.001000s ]
INFO: [ app_begin ] --END-- [ RunTime:0.001000s ]

[ 2016-05-27T17:57:04+08:00 ] 0.0.0.0 /dandelionblog/index.php/Index/limit
INFO: [ app_begin ] --START--
INFO: Run ReadHtmlCache Behavior [ RunTime:0.001000s ]
INFO: [ app_begin ] --END-- [ RunTime:0.001000s ]

[ 2016-05-27T17:57:12+08:00 ] 0.0.0.0 /dandelionblog/index.php/Login/check
INFO: [ app_begin ] --START--
INFO: Run ReadHtmlCache Behavior [ RunTime:0.002000s ]
INFO: [ app_begin ] --END-- [ RunTime:0.002000s ]

[ 2016-05-27T17:57:17+08:00 ] 0.0.0.0 /dandelionblog/index.php/Login/check
INFO: [ app_begin ] --START--
INFO: Run ReadHtmlCache Behavior [ RunTime:0.001000s ]
INFO: [ app_begin ] --END-- [ RunTime:0.002000s ]

[ 2016-05-27T17:57:17+08:00 ] 0.0.0.0 /dandelionblog/index.php/Index/IsLogin
INFO: [ app_begin ] --START--
INFO: Run ReadHtmlCache Behavior [ RunTime:0.000000s ]
INFO: [ app_begin ] --END-- [ RunTime:0.001000s ]

[ 2016-05-27T17:57:17+08:00 ] 0.0.0.0 /dandelionblog/index.php/Index/limit
INFO: [ app_begin ] --START--
INFO: Run ReadHtmlCache Behavior [ RunTime:0.001000s ]
INFO: [ app_begin ] --END-- [ RunTime:0.001000s ]

[ 2016-05-27T17:57:17+08:00 ] 0.0.0.0 /dandelionblog/index.php/Index/limit
INFO: [ app_begin ] --START--
INFO: Run ReadHtmlCache Behavior [ RunTime:0.001000s ]
INFO: [ app_begin ] --END-- [ RunTime:0.001000s ]

[ 2016-05-27T17:57:27+08:00 ] 0.0.0.0 /dandelionblog/index.php/Index/IsLogin
INFO: [ app_begin ] --START--
INFO: Run ReadHtmlCache Behavior [ RunTime:0.001000s ]
INFO: [ app_begin ] --END-- [ RunTime:0.001000s ]
NOTIC: [8] Undefined index: login E:\RecordOfLearn\Web\www\dandelionBlog\Home\Lib\Action\IndexAction.class.php 第 82 行.

[ 2016-05-27T17:57:27+08:00 ] 0.0.0.0 /dandelionblog/index.php/Index/limit
INFO: [ app_begin ] --START--
INFO: Run ReadHtmlCache Behavior [ RunTime:0.002000s ]
INFO: [ app_begin ] --END-- [ RunTime:0.002000s ]

[ 2016-05-27T17:57:27+08:00 ] 0.0.0.0 /dandelionblog/index.php/Index/limit
INFO: [ app_begin ] --START--
INFO: Run ReadHtmlCache Behavior [ RunTime:0.001000s ]
INFO: [ app_begin ] --END-- [ RunTime:0.001000s ]

[ 2016-05-27T18:02:03+08:00 ] 0.0.0.0 /dandelionblog/index.php/Index/IsLogin
INFO: [ app_begin ] --START--
INFO: Run ReadHtmlCache Behavior [ RunTime:0.001000s ]
INFO: [ app_begin ] --END-- [ RunTime:0.001000s ]
NOTIC: [8] Undefined index: login E:\RecordOfLearn\Web\www\dandelionBlog\Home\Lib\Action\IndexAction.class.php 第 82 行.

[ 2016-05-27T18:02:03+08:00 ] 0.0.0.0 /dandelionblog/index.php/Index/limit
INFO: [ app_begin ] --START--
INFO: Run ReadHtmlCache Behavior [ RunTime:0.001000s ]
INFO: [ app_begin ] --END-- [ RunTime:0.001000s ]

[ 2016-05-27T18:02:03+08:00 ] 0.0.0.0 /dandelionblog/index.php/Index/limit
INFO: [ app_begin ] --START--
INFO: Run ReadHtmlCache Behavior [ RunTime:0.001000s ]
INFO: [ app_begin ] --END-- [ RunTime:0.001000s ]

[ 2016-05-27T20:04:41+08:00 ] 0.0.0.0 /dandelionblog/index.php/Index/IsLogin
INFO: [ app_begin ] --START--
INFO: Run ReadHtmlCache Behavior [ RunTime:0.001000s ]
INFO: [ app_begin ] --END-- [ RunTime:0.001000s ]
NOTIC: [8] Undefined index: login E:\RecordOfLearn\Web\www\dandelionBlog\Home\Lib\Action\IndexAction.class.php 第 82 行.

[ 2016-05-27T20:04:41+08:00 ] 0.0.0.0 /dandelionblog/index.php/Index/limit
INFO: [ app_begin ] --START--
INFO: Run ReadHtmlCache Behavior [ RunTime:0.001000s ]
INFO: [ app_begin ] --END-- [ RunTime:0.001000s ]

[ 2016-05-27T20:04:41+08:00 ] 0.0.0.0 /dandelionblog/index.php/Index/limit
INFO: [ app_begin ] --START--
INFO: Run ReadHtmlCache Behavior [ RunTime:0.001000s ]
INFO: [ app_begin ] --END-- [ RunTime:0.002000s ]

[ 2016-05-27T20:11:44+08:00 ] 0.0.0.0 /dandelionblog/index.php/Index/IsLogin
INFO: [ app_begin ] --START--
INFO: Run ReadHtmlCache Behavior [ RunTime:0.001000s ]
INFO: [ app_begin ] --END-- [ RunTime:0.001000s ]
NOTIC: [8] Undefined index: login E:\RecordOfLearn\Web\www\dandelionBlog\Home\Lib\Action\IndexAction.class.php 第 82 行.

[ 2016-05-27T20:11:44+08:00 ] 0.0.0.0 /dandelionblog/index.php/Index/limit
INFO: [ app_begin ] --START--
INFO: Run ReadHtmlCache Behavior [ RunTime:0.001000s ]
INFO: [ app_begin ] --END-- [ RunTime:0.001000s ]

[ 2016-05-27T20:11:44+08:00 ] 0.0.0.0 /dandelionblog/index.php/Index/limit
INFO: [ app_begin ] --START--
INFO: Run ReadHtmlCache Behavior [ RunTime:0.001000s ]
INFO: [ app_begin ] --END-- [ RunTime:0.001000s ]

[ 2016-05-27T20:14:07+08:00 ] 0.0.0.0 /dandelionblog/index.php/Index/IsLogin
INFO: [ app_begin ] --START--
INFO: Run ReadHtmlCache Behavior [ RunTime:0.001000s ]
INFO: [ app_begin ] --END-- [ RunTime:0.001000s ]
NOTIC: [8] Undefined index: login E:\RecordOfLearn\Web\www\dandelionBlog\Home\Lib\Action\IndexAction.class.php 第 82 行.

[ 2016-05-27T20:14:07+08:00 ] 0.0.0.0 /dandelionblog/index.php/Index/limit
INFO: [ app_begin ] --START--
INFO: Run ReadHtmlCache Behavior [ RunTime:0.001000s ]
INFO: [ app_begin ] --END-- [ RunTime:0.002000s ]

[ 2016-05-27T20:14:07+08:00 ] 0.0.0.0 /dandelionblog/index.php/Index/limit
INFO: [ app_begin ] --START--
INFO: Run ReadHtmlCache Behavior [ RunTime:0.001000s ]
INFO: [ app_begin ] --END-- [ RunTime:0.001000s ]

[ 2016-05-27T20:14:10+08:00 ] 0.0.0.0 /dandelionblog/index.php/Index/IsLogin
INFO: [ app_begin ] --START--
INFO: Run ReadHtmlCache Behavior [ RunTime:0.001000s ]
INFO: [ app_begin ] --END-- [ RunTime:0.001000s ]
NOTIC: [8] Undefined index: login E:\RecordOfLearn\Web\www\dandelionBlog\Home\Lib\Action\IndexAction.class.php 第 82 行.

[ 2016-05-27T20:14:10+08:00 ] 0.0.0.0 /dandelionblog/index.php/Index/limit
INFO: [ app_begin ] --START--
INFO: Run ReadHtmlCache Behavior [ RunTime:0.001000s ]
INFO: [ app_begin ] --END-- [ RunTime:0.001000s ]

[ 2016-05-27T20:14:10+08:00 ] 0.0.0.0 /dandelionblog/index.php/Index/limit
INFO: [ app_begin ] --START--
INFO: Run ReadHtmlCache Behavior [ RunTime:0.000000s ]
INFO: [ app_begin ] --END-- [ RunTime:0.002000s ]

[ 2016-05-27T20:14:11+08:00 ] 0.0.0.0 /dandelionblog/index.php/Index/IsLogin
INFO: [ app_begin ] --START--
INFO: Run ReadHtmlCache Behavior [ RunTime:0.001000s ]
INFO: [ app_begin ] --END-- [ RunTime:0.001000s ]
NOTIC: [8] Undefined index: login E:\RecordOfLearn\Web\www\dandelionBlog\Home\Lib\Action\IndexAction.class.php 第 82 行.

[ 2016-05-27T20:14:11+08:00 ] 0.0.0.0 /dandelionblog/index.php/Index/limit
INFO: [ app_begin ] --START--
INFO: Run ReadHtmlCache Behavior [ RunTime:0.001000s ]
INFO: [ app_begin ] --END-- [ RunTime:0.001000s ]

[ 2016-05-27T20:14:11+08:00 ] 0.0.0.0 /dandelionblog/index.php/Index/limit
INFO: [ app_begin ] --START--
INFO: Run ReadHtmlCache Behavior [ RunTime:0.001001s ]
INFO: [ app_begin ] --END-- [ RunTime:0.001001s ]

[ 2016-05-27T20:14:14+08:00 ] 0.0.0.0 /dandelionblog/index.php/Index/IsLogin
INFO: [ app_begin ] --START--
INFO: Run ReadHtmlCache Behavior [ RunTime:0.001001s ]
INFO: [ app_begin ] --END-- [ RunTime:0.001001s ]
NOTIC: [8] Undefined index: login E:\RecordOfLearn\Web\www\dandelionBlog\Home\Lib\Action\IndexAction.class.php 第 82 行.

[ 2016-05-27T20:14:14+08:00 ] 0.0.0.0 /dandelionblog/index.php/Index/limit
INFO: [ app_begin ] --START--
INFO: Run ReadHtmlCache Behavior [ RunTime:0.001000s ]
INFO: [ app_begin ] --END-- [ RunTime:0.001000s ]

[ 2016-05-27T20:14:14+08:00 ] 0.0.0.0 /dandelionblog/index.php/Index/limit
INFO: [ app_begin ] --START--
INFO: Run ReadHtmlCache Behavior [ RunTime:0.001000s ]
INFO: [ app_begin ] --END-- [ RunTime:0.001000s ]

[ 2016-05-27T20:14:16+08:00 ] 0.0.0.0 /dandelionblog/index.php/Index/IsLogin
INFO: [ app_begin ] --START--
INFO: Run ReadHtmlCache Behavior [ RunTime:0.000000s ]
INFO: [ app_begin ] --END-- [ RunTime:0.002000s ]
NOTIC: [8] Undefined index: login E:\RecordOfLearn\Web\www\dandelionBlog\Home\Lib\Action\IndexAction.class.php 第 82 行.

[ 2016-05-27T20:14:16+08:00 ] 0.0.0.0 /dandelionblog/index.php/Index/limit
INFO: [ app_begin ] --START--
INFO: Run ReadHtmlCache Behavior [ RunTime:0.002000s ]
INFO: [ app_begin ] --END-- [ RunTime:0.002000s ]

[ 2016-05-27T20:14:16+08:00 ] 0.0.0.0 /dandelionblog/index.php/Index/limit
INFO: [ app_begin ] --START--
INFO: Run ReadHtmlCache Behavior [ RunTime:0.002000s ]
INFO: [ app_begin ] --END-- [ RunTime:0.002000s ]

[ 2016-05-27T20:16:59+08:00 ] 0.0.0.0 /dandelionblog/index.php/Index/IsLogin
INFO: [ app_begin ] --START--
INFO: Run ReadHtmlCache Behavior [ RunTime:0.001000s ]
INFO: [ app_begin ] --END-- [ RunTime:0.001000s ]
NOTIC: [8] Undefined index: login E:\RecordOfLearn\Web\www\dandelionBlog\Home\Lib\Action\IndexAction.class.php 第 82 行.

[ 2016-05-27T20:16:59+08:00 ] 0.0.0.0 /dandelionblog/index.php/Index/limit
INFO: [ app_begin ] --START--
INFO: Run ReadHtmlCache Behavior [ RunTime:0.001000s ]
INFO: [ app_begin ] --END-- [ RunTime:0.001000s ]

[ 2016-05-27T20:16:59+08:00 ] 0.0.0.0 /dandelionblog/index.php/Index/limit
INFO: [ app_begin ] --START--
INFO: Run ReadHtmlCache Behavior [ RunTime:0.001000s ]
INFO: [ app_begin ] --END-- [ RunTime:0.001000s ]

[ 2016-05-27T20:22:42+08:00 ] 0.0.0.0 /dandelionblog/index.php/Index/IsLogin
INFO: [ app_begin ] --START--
INFO: Run ReadHtmlCache Behavior [ RunTime:0.001000s ]
INFO: [ app_begin ] --END-- [ RunTime:0.001000s ]
NOTIC: [8] Undefined index: login E:\RecordOfLearn\Web\www\dandelionBlog\Home\Lib\Action\IndexAction.class.php 第 82 行.

[ 2016-05-27T20:22:43+08:00 ] 0.0.0.0 /dandelionblog/index.php/Index/limit
INFO: [ app_begin ] --START--
INFO: Run ReadHtmlCache Behavior [ RunTime:0.001000s ]
INFO: [ app_begin ] --END-- [ RunTime:0.001000s ]

[ 2016-05-27T20:22:43+08:00 ] 0.0.0.0 /dandelionblog/index.php/Index/limit
INFO: [ app_begin ] --START--
INFO: Run ReadHtmlCache Behavior [ RunTime:0.001000s ]
INFO: [ app_begin ] --END-- [ RunTime:0.002000s ]

[ 2016-05-27T20:23:52+08:00 ] 0.0.0.0 /dandelionblog/index.php/Index/IsLogin
INFO: [ app_begin ] --START--
INFO: Run ReadHtmlCache Behavior [ RunTime:0.001000s ]
INFO: [ app_begin ] --END-- [ RunTime:0.001000s ]
NOTIC: [8] Undefined index: login E:\RecordOfLearn\Web\www\dandelionBlog\Home\Lib\Action\IndexAction.class.php 第 82 行.

[ 2016-05-27T20:23:52+08:00 ] 0.0.0.0 /dandelionblog/index.php/Index/limit
INFO: [ app_begin ] --START--
INFO: Run ReadHtmlCache Behavior [ RunTime:0.001000s ]
INFO: [ app_begin ] --END-- [ RunTime:0.001000s ]

[ 2016-05-27T20:23:52+08:00 ] 0.0.0.0 /dandelionblog/index.php/Index/limit
INFO: [ app_begin ] --START--
INFO: Run ReadHtmlCache Behavior [ RunTime:0.001000s ]
INFO: [ app_begin ] --END-- [ RunTime:0.002000s ]

[ 2016-05-27T21:15:01+08:00 ] 0.0.0.0 /dandelionblog/index.php/Index/IsLogin
INFO: [ app_begin ] --START--
INFO: Run ReadHtmlCache Behavior [ RunTime:0.001000s ]
INFO: [ app_begin ] --END-- [ RunTime:0.001000s ]
NOTIC: [8] Undefined index: login E:\RecordOfLearn\Web\www\dandelionBlog\Home\Lib\Action\IndexAction.class.php 第 82 行.

[ 2016-05-27T21:15:01+08:00 ] 0.0.0.0 /dandelionblog/index.php/Index/limit
INFO: [ app_begin ] --START--
INFO: Run ReadHtmlCache Behavior [ RunTime:0.001000s ]
INFO: [ app_begin ] --END-- [ RunTime:0.001000s ]

[ 2016-05-27T21:15:01+08:00 ] 0.0.0.0 /dandelionblog/index.php/Index/limit
INFO: [ app_begin ] --START--
INFO: Run ReadHtmlCache Behavior [ RunTime:0.001000s ]
INFO: [ app_begin ] --END-- [ RunTime:0.001000s ]

[ 2016-05-27T21:16:05+08:00 ] 0.0.0.0 /dandelionblog/index.php/Register/check_name
INFO: [ app_begin ] --START--
INFO: Run ReadHtmlCache Behavior [ RunTime:0.001000s ]
INFO: [ app_begin ] --END-- [ RunTime:0.002000s ]

[ 2016-05-27T21:17:48+08:00 ] 0.0.0.0 /dandelionblog/index.php/Index/IsLogin
INFO: [ app_begin ] --START--
INFO: Run ReadHtmlCache Behavior [ RunTime:0.001000s ]
INFO: [ app_begin ] --END-- [ RunTime:0.002000s ]
NOTIC: [8] Undefined index: login E:\RecordOfLearn\Web\www\dandelionBlog\Home\Lib\Action\IndexAction.class.php 第 82 行.

[ 2016-05-27T21:17:48+08:00 ] 0.0.0.0 /dandelionblog/index.php/Index/limit
INFO: [ app_begin ] --START--
INFO: Run ReadHtmlCache Behavior [ RunTime:0.001000s ]
INFO: [ app_begin ] --END-- [ RunTime:0.001000s ]

[ 2016-05-27T21:17:48+08:00 ] 0.0.0.0 /dandelionblog/index.php/Index/limit
INFO: [ app_begin ] --START--
INFO: Run ReadHtmlCache Behavior [ RunTime:0.002000s ]
INFO: [ app_begin ] --END-- [ RunTime:0.002000s ]

[ 2016-05-27T21:18:59+08:00 ] 0.0.0.0 /dandelionblog/index.php/Index/IsLogin
INFO: [ app_begin ] --START--
INFO: Run ReadHtmlCache Behavior [ RunTime:0.001000s ]
INFO: [ app_begin ] --END-- [ RunTime:0.001000s ]
NOTIC: [8] Undefined index: login E:\RecordOfLearn\Web\www\dandelionBlog\Home\Lib\Action\IndexAction.class.php 第 82 行.

[ 2016-05-27T21:18:59+08:00 ] 0.0.0.0 /dandelionblog/index.php/Index/limit
INFO: [ app_begin ] --START--
INFO: Run ReadHtmlCache Behavior [ RunTime:0.001000s ]
INFO: [ app_begin ] --END-- [ RunTime:0.001000s ]

[ 2016-05-27T21:18:59+08:00 ] 0.0.0.0 /dandelionblog/index.php/Index/limit
INFO: [ app_begin ] --START--
INFO: Run ReadHtmlCache Behavior [ RunTime:0.001000s ]
INFO: [ app_begin ] --END-- [ RunTime:0.001000s ]

[ 2016-05-27T21:19:01+08:00 ] 0.0.0.0 /dandelionblog/index.php/Index/IsLogin
INFO: [ app_begin ] --START--
INFO: Run ReadHtmlCache Behavior [ RunTime:0.001000s ]
INFO: [ app_begin ] --END-- [ RunTime:0.002000s ]
NOTIC: [8] Undefined index: login E:\RecordOfLearn\Web\www\dandelionBlog\Home\Lib\Action\IndexAction.class.php 第 82 行.

[ 2016-05-27T21:19:01+08:00 ] 0.0.0.0 /dandelionblog/index.php/Index/limit
INFO: [ app_begin ] --START--
INFO: Run ReadHtmlCache Behavior [ RunTime:0.001001s ]
INFO: [ app_begin ] --END-- [ RunTime:0.001001s ]

[ 2016-05-27T21:19:01+08:00 ] 0.0.0.0 /dandelionblog/index.php/Index/limit
INFO: [ app_begin ] --START--
INFO: Run ReadHtmlCache Behavior [ RunTime:0.001000s ]
INFO: [ app_begin ] --END-- [ RunTime:0.001000s ]

[ 2016-05-27T21:19:33+08:00 ] 0.0.0.0 /dandelionblog/index.php/Register/check_name
INFO: [ app_begin ] --START--
INFO: Run ReadHtmlCache Behavior [ RunTime:0.001000s ]
INFO: [ app_begin ] --END-- [ RunTime:0.001000s ]

[ 2016-05-27T21:19:34+08:00 ] 0.0.0.0 /dandelionblog/index.php/Register/check_email
INFO: [ app_begin ] --START--
INFO: Run ReadHtmlCache Behavior [ RunTime:0.001000s ]
INFO: [ app_begin ] --END-- [ RunTime:0.001000s ]

[ 2016-05-27T21:19:35+08:00 ] 0.0.0.0 /dandelionblog/index.php/Register/check_email
INFO: [ app_begin ] --START--
INFO: Run ReadHtmlCache Behavior [ RunTime:0.001000s ]
INFO: [ app_begin ] --END-- [ RunTime:0.001000s ]

[ 2016-05-27T21:19:36+08:00 ] 0.0.0.0 /dandelionblog/index.php/Register/check_name
INFO: [ app_begin ] --START--
INFO: Run ReadHtmlCache Behavior [ RunTime:0.000000s ]
INFO: [ app_begin ] --END-- [ RunTime:0.001000s ]

[ 2016-05-27T21:19:36+08:00 ] 0.0.0.0 /dandelionblog/index.php/Register/check_email
INFO: [ app_begin ] --START--
INFO: Run ReadHtmlCache Behavior [ RunTime:0.001000s ]
INFO: [ app_begin ] --END-- [ RunTime:0.002000s ]

[ 2016-05-27T21:19:37+08:00 ] 0.0.0.0 /dandelionblog/index.php/Register/check_email
INFO: [ app_begin ] --START--
INFO: Run ReadHtmlCache Behavior [ RunTime:0.001000s ]
INFO: [ app_begin ] --END-- [ RunTime:0.001000s ]

[ 2016-05-27T21:19:38+08:00 ] 0.0.0.0 /dandelionblog/index.php/Register/check_name
INFO: [ app_begin ] --START--
INFO: Run ReadHtmlCache Behavior [ RunTime:0.001000s ]
INFO: [ app_begin ] --END-- [ RunTime:0.001000s ]

[ 2016-05-27T21:19:38+08:00 ] 0.0.0.0 /dandelionblog/index.php/Register/check_email
INFO: [ app_begin ] --START--
INFO: Run ReadHtmlCache Behavior [ RunTime:0.001000s ]
INFO: [ app_begin ] --END-- [ RunTime:0.001000s ]

[ 2016-05-27T21:19:51+08:00 ] 0.0.0.0 /dandelionblog/index.php/Index/IsLogin
INFO: [ app_begin ] --START--
INFO: Run ReadHtmlCache Behavior [ RunTime:0.001000s ]
INFO: [ app_begin ] --END-- [ RunTime:0.001000s ]
NOTIC: [8] Undefined index: login E:\RecordOfLearn\Web\www\dandelionBlog\Home\Lib\Action\IndexAction.class.php 第 82 行.

[ 2016-05-27T21:19:51+08:00 ] 0.0.0.0 /dandelionblog/index.php/Index/limit
INFO: [ app_begin ] --START--
INFO: Run ReadHtmlCache Behavior [ RunTime:0.001000s ]
INFO: [ app_begin ] --END-- [ RunTime:0.001000s ]

[ 2016-05-27T21:19:51+08:00 ] 0.0.0.0 /dandelionblog/index.php/Index/limit
INFO: [ app_begin ] --START--
INFO: Run ReadHtmlCache Behavior [ RunTime:0.001000s ]
INFO: [ app_begin ] --END-- [ RunTime:0.001000s ]

[ 2016-05-27T21:20:25+08:00 ] 0.0.0.0 /dandelionblog/index.php/Index/IsLogin
INFO: [ app_begin ] --START--
INFO: Run ReadHtmlCache Behavior [ RunTime:0.001000s ]
INFO: [ app_begin ] --END-- [ RunTime:0.002000s ]
NOTIC: [8] Undefined index: login E:\RecordOfLearn\Web\www\dandelionBlog\Home\Lib\Action\IndexAction.class.php 第 82 行.

[ 2016-05-27T21:20:25+08:00 ] 0.0.0.0 /dandelionblog/index.php/Index/limit
INFO: [ app_begin ] --START--
INFO: Run ReadHtmlCache Behavior [ RunTime:0.002000s ]
INFO: [ app_begin ] --END-- [ RunTime:0.002000s ]

[ 2016-05-27T21:20:25+08:00 ] 0.0.0.0 /dandelionblog/index.php/Index/limit
INFO: [ app_begin ] --START--
INFO: Run ReadHtmlCache Behavior [ RunTime:0.001000s ]
INFO: [ app_begin ] --END-- [ RunTime:0.002000s ]

[ 2016-05-27T21:20:49+08:00 ] 0.0.0.0 /dandelionblog/index.php/Index/IsLogin
INFO: [ app_begin ] --START--
INFO: Run ReadHtmlCache Behavior [ RunTime:0.002000s ]
INFO: [ app_begin ] --END-- [ RunTime:0.002000s ]
NOTIC: [8] Undefined index: login E:\RecordOfLearn\Web\www\dandelionBlog\Home\Lib\Action\IndexAction.class.php 第 82 行.

[ 2016-05-27T21:20:49+08:00 ] 0.0.0.0 /dandelionblog/index.php/Index/limit
INFO: [ app_begin ] --START--
INFO: Run ReadHtmlCache Behavior [ RunTime:0.001000s ]
INFO: [ app_begin ] --END-- [ RunTime:0.001000s ]

[ 2016-05-27T21:20:49+08:00 ] 0.0.0.0 /dandelionblog/index.php/Index/limit
INFO: [ app_begin ] --START--
INFO: Run ReadHtmlCache Behavior [ RunTime:0.001000s ]
INFO: [ app_begin ] --END-- [ RunTime:0.001000s ]

[ 2016-05-27T22:07:04+08:00 ] 0.0.0.0 /dandelionblog/index.php/Index/IsLogin
INFO: [ app_begin ] --START--
INFO: Run ReadHtmlCache Behavior [ RunTime:0.001000s ]
INFO: [ app_begin ] --END-- [ RunTime:0.001000s ]
NOTIC: [8] Undefined index: login E:\RecordOfLearn\Web\www\dandelionBlog\Home\Lib\Action\IndexAction.class.php 第 82 行.

[ 2016-05-27T22:07:04+08:00 ] 0.0.0.0 /dandelionblog/index.php/Index/limit
INFO: [ app_begin ] --START--
INFO: Run ReadHtmlCache Behavior [ RunTime:0.001000s ]
INFO: [ app_begin ] --END-- [ RunTime:0.001000s ]

[ 2016-05-27T22:07:04+08:00 ] 0.0.0.0 /dandelionblog/index.php/Index/limit
INFO: [ app_begin ] --START--
INFO: Run ReadHtmlCache Behavior [ RunTime:0.001000s ]
INFO: [ app_begin ] --END-- [ RunTime:0.001000s ]

[ 2016-05-27T22:07:12+08:00 ] 0.0.0.0 /dandelionblog/index.php/Index/IsLogin
INFO: [ app_begin ] --START--
INFO: Run ReadHtmlCache Behavior [ RunTime:0.001000s ]
INFO: [ app_begin ] --END-- [ RunTime:0.002000s ]
NOTIC: [8] Undefined index: login E:\RecordOfLearn\Web\www\dandelionBlog\Home\Lib\Action\IndexAction.class.php 第 82 行.

[ 2016-05-27T22:07:12+08:00 ] 0.0.0.0 /dandelionblog/index.php/Index/limit
INFO: [ app_begin ] --START--
INFO: Run ReadHtmlCache Behavior [ RunTime:0.001000s ]
INFO: [ app_begin ] --END-- [ RunTime:0.002000s ]

[ 2016-05-27T22:07:12+08:00 ] 0.0.0.0 /dandelionblog/index.php/Index/limit
INFO: [ app_begin ] --START--
INFO: Run ReadHtmlCache Behavior [ RunTime:0.001000s ]
INFO: [ app_begin ] --END-- [ RunTime:0.001000s ]

[ 2016-05-27T22:07:19+08:00 ] 0.0.0.0 /dandelionblog/index.php/Index/IsLogin
INFO: [ app_begin ] --START--
INFO: Run ReadHtmlCache Behavior [ RunTime:0.001000s ]
INFO: [ app_begin ] --END-- [ RunTime:0.001000s ]
NOTIC: [8] Undefined index: login E:\RecordOfLearn\Web\www\dandelionBlog\Home\Lib\Action\IndexAction.class.php 第 82 行.

[ 2016-05-27T22:07:19+08:00 ] 0.0.0.0 /dandelionblog/index.php/Index/limit
INFO: [ app_begin ] --START--
INFO: Run ReadHtmlCache Behavior [ RunTime:0.001000s ]
INFO: [ app_begin ] --END-- [ RunTime:0.001000s ]

[ 2016-05-27T22:07:19+08:00 ] 0.0.0.0 /dandelionblog/index.php/Index/limit
INFO: [ app_begin ] --START--
INFO: Run ReadHtmlCache Behavior [ RunTime:0.001000s ]
INFO: [ app_begin ] --END-- [ RunTime:0.001000s ]

[ 2016-05-27T22:07:37+08:00 ] 0.0.0.0 /dandelionblog/index.php/Index/IsLogin
INFO: [ app_begin ] --START--
INFO: Run ReadHtmlCache Behavior [ RunTime:0.001001s ]
INFO: [ app_begin ] --END-- [ RunTime:0.002001s ]
NOTIC: [8] Undefined index: login E:\RecordOfLearn\Web\www\dandelionBlog\Home\Lib\Action\IndexAction.class.php 第 82 行.

[ 2016-05-27T22:07:37+08:00 ] 0.0.0.0 /dandelionblog/index.php/Index/limit
INFO: [ app_begin ] --START--
INFO: Run ReadHtmlCache Behavior [ RunTime:0.001000s ]
INFO: [ app_begin ] --END-- [ RunTime:0.001000s ]

[ 2016-05-27T22:07:37+08:00 ] 0.0.0.0 /dandelionblog/index.php/Index/limit
INFO: [ app_begin ] --START--
INFO: Run ReadHtmlCache Behavior [ RunTime:0.001000s ]
INFO: [ app_begin ] --END-- [ RunTime:0.001000s ]

[ 2016-05-27T22:13:58+08:00 ] 0.0.0.0 /dandelionblog/index.php/Index/IsLogin
INFO: [ app_begin ] --START--
INFO: Run ReadHtmlCache Behavior [ RunTime:0.001000s ]
INFO: [ app_begin ] --END-- [ RunTime:0.001000s ]
NOTIC: [8] Undefined index: login E:\RecordOfLearn\Web\www\dandelionBlog\Home\Lib\Action\IndexAction.class.php 第 82 行.

[ 2016-05-27T22:13:58+08:00 ] 0.0.0.0 /dandelionblog/index.php/Index/limit
INFO: [ app_begin ] --START--
INFO: Run ReadHtmlCache Behavior [ RunTime:0.001000s ]
INFO: [ app_begin ] --END-- [ RunTime:0.001000s ]

[ 2016-05-27T22:13:58+08:00 ] 0.0.0.0 /dandelionblog/index.php/Index/limit
INFO: [ app_begin ] --START--
INFO: Run ReadHtmlCache Behavior [ RunTime:0.001000s ]
INFO: [ app_begin ] --END-- [ RunTime:0.001000s ]

