[ 2016-05-28T20:35:43+08:00 ] 0.0.0.0 /dandelionblog/index.php/Index/IsLogin
INFO: [ app_begin ] --START--
INFO: Run ReadHtmlCache Behavior [ RunTime:0.001000s ]
INFO: [ app_begin ] --END-- [ RunTime:0.001000s ]
NOTIC: [8] Undefined index: login E:\RecordOfLearn\Web\www\dandelionBlog\Home\Lib\Action\IndexAction.class.php 第 83 行.

[ 2016-05-28T20:35:43+08:00 ] 0.0.0.0 /dandelionblog/index.php/Index/limit
INFO: [ app_begin ] --START--
INFO: Run ReadHtmlCache Behavior [ RunTime:0.000000s ]
INFO: [ app_begin ] --END-- [ RunTime:0.001000s ]

[ 2016-05-28T20:35:43+08:00 ] 0.0.0.0 /dandelionblog/index.php/Index/limit
INFO: [ app_begin ] --START--
INFO: Run ReadHtmlCache Behavior [ RunTime:0.001000s ]
INFO: [ app_begin ] --END-- [ RunTime:0.001000s ]

[ 2016-05-28T20:50:49+08:00 ] 0.0.0.0 /dandelionblog/index.php/Index/IsLogin
INFO: [ app_begin ] --START--
INFO: Run ReadHtmlCache Behavior [ RunTime:0.001001s ]
INFO: [ app_begin ] --END-- [ RunTime:0.001001s ]
NOTIC: [8] Undefined index: login E:\RecordOfLearn\Web\www\dandelionBlog\Home\Lib\Action\IndexAction.class.php 第 83 行.

[ 2016-05-28T20:50:49+08:00 ] 0.0.0.0 /dandelionblog/index.php/Index/limit
INFO: [ app_begin ] --START--
INFO: Run ReadHtmlCache Behavior [ RunTime:0.001000s ]
INFO: [ app_begin ] --END-- [ RunTime:0.002000s ]

[ 2016-05-28T20:50:49+08:00 ] 0.0.0.0 /dandelionblog/index.php/Index/limit
INFO: [ app_begin ] --START--
INFO: Run ReadHtmlCache Behavior [ RunTime:0.001000s ]
INFO: [ app_begin ] --END-- [ RunTime:0.001000s ]

[ 2016-05-28T20:50:51+08:00 ] 0.0.0.0 /dandelionblog/index.php/Index/IsLogin
INFO: [ app_begin ] --START--
INFO: Run ReadHtmlCache Behavior [ RunTime:0.001000s ]
INFO: [ app_begin ] --END-- [ RunTime:0.002000s ]
NOTIC: [8] Undefined index: login E:\RecordOfLearn\Web\www\dandelionBlog\Home\Lib\Action\IndexAction.class.php 第 83 行.

[ 2016-05-28T20:50:51+08:00 ] 0.0.0.0 /dandelionblog/index.php/Index/limit
INFO: [ app_begin ] --START--
INFO: Run ReadHtmlCache Behavior [ RunTime:0.001000s ]
INFO: [ app_begin ] --END-- [ RunTime:0.001000s ]

[ 2016-05-28T20:50:51+08:00 ] 0.0.0.0 /dandelionblog/index.php/Index/limit
INFO: [ app_begin ] --START--
INFO: Run ReadHtmlCache Behavior [ RunTime:0.001000s ]
INFO: [ app_begin ] --END-- [ RunTime:0.001000s ]

[ 2016-05-28T20:55:45+08:00 ] 0.0.0.0 /dandelionblog/index.php/Index/IsLogin
INFO: [ app_begin ] --START--
INFO: Run ReadHtmlCache Behavior [ RunTime:0.001000s ]
INFO: [ app_begin ] --END-- [ RunTime:0.001000s ]
NOTIC: [8] Undefined index: login E:\RecordOfLearn\Web\www\dandelionBlog\Home\Lib\Action\IndexAction.class.php 第 85 行.

[ 2016-05-28T20:55:45+08:00 ] 0.0.0.0 /dandelionblog/index.php/Index/limit
INFO: [ app_begin ] --START--
INFO: Run ReadHtmlCache Behavior [ RunTime:0.000000s ]
INFO: [ app_begin ] --END-- [ RunTime:0.001000s ]

[ 2016-05-28T20:55:45+08:00 ] 0.0.0.0 /dandelionblog/index.php/Index/limit
INFO: [ app_begin ] --START--
INFO: Run ReadHtmlCache Behavior [ RunTime:0.001000s ]
INFO: [ app_begin ] --END-- [ RunTime:0.001000s ]

[ 2016-05-28T20:55:48+08:00 ] 0.0.0.0 /dandelionblog/index.php/Index/IsLogin
INFO: [ app_begin ] --START--
INFO: Run ReadHtmlCache Behavior [ RunTime:0.001000s ]
INFO: [ app_begin ] --END-- [ RunTime:0.001000s ]
NOTIC: [8] Undefined index: login E:\RecordOfLearn\Web\www\dandelionBlog\Home\Lib\Action\IndexAction.class.php 第 85 行.

[ 2016-05-28T20:55:48+08:00 ] 0.0.0.0 /dandelionblog/index.php/Index/limit
INFO: [ app_begin ] --START--
INFO: Run ReadHtmlCache Behavior [ RunTime:0.001000s ]
INFO: [ app_begin ] --END-- [ RunTime:0.001000s ]

[ 2016-05-28T20:55:48+08:00 ] 0.0.0.0 /dandelionblog/index.php/Index/limit
INFO: [ app_begin ] --START--
INFO: Run ReadHtmlCache Behavior [ RunTime:0.002000s ]
INFO: [ app_begin ] --END-- [ RunTime:0.002000s ]

[ 2016-05-28T20:56:06+08:00 ] 0.0.0.0 /dandelionblog/index.php/Index/IsLogin
INFO: [ app_begin ] --START--
INFO: Run ReadHtmlCache Behavior [ RunTime:0.000000s ]
INFO: [ app_begin ] --END-- [ RunTime:0.001000s ]
NOTIC: [8] Undefined index: login E:\RecordOfLearn\Web\www\dandelionBlog\Home\Lib\Action\IndexAction.class.php 第 85 行.

[ 2016-05-28T20:56:06+08:00 ] 0.0.0.0 /dandelionblog/index.php/Index/limit
INFO: [ app_begin ] --START--
INFO: Run ReadHtmlCache Behavior [ RunTime:0.001000s ]
INFO: [ app_begin ] --END-- [ RunTime:0.001000s ]

[ 2016-05-28T20:56:06+08:00 ] 0.0.0.0 /dandelionblog/index.php/Index/limit
INFO: [ app_begin ] --START--
INFO: Run ReadHtmlCache Behavior [ RunTime:0.000000s ]
INFO: [ app_begin ] --END-- [ RunTime:0.001000s ]

[ 2016-05-28T20:56:10+08:00 ] 0.0.0.0 /dandelionblog/index.php/Index/IsLogin
INFO: [ app_begin ] --START--
INFO: Run ReadHtmlCache Behavior [ RunTime:0.001000s ]
INFO: [ app_begin ] --END-- [ RunTime:0.001000s ]
NOTIC: [8] Undefined index: login E:\RecordOfLearn\Web\www\dandelionBlog\Home\Lib\Action\IndexAction.class.php 第 85 行.

[ 2016-05-28T20:56:10+08:00 ] 0.0.0.0 /dandelionblog/index.php/Index/limit
INFO: [ app_begin ] --START--
INFO: Run ReadHtmlCache Behavior [ RunTime:0.000000s ]
INFO: [ app_begin ] --END-- [ RunTime:0.001000s ]

[ 2016-05-28T20:56:10+08:00 ] 0.0.0.0 /dandelionblog/index.php/Index/limit
INFO: [ app_begin ] --START--
INFO: Run ReadHtmlCache Behavior [ RunTime:0.001000s ]
INFO: [ app_begin ] --END-- [ RunTime:0.001000s ]

[ 2016-05-28T20:56:52+08:00 ] 0.0.0.0 /dandelionblog/index.php/Index/IsLogin
INFO: [ app_begin ] --START--
INFO: Run ReadHtmlCache Behavior [ RunTime:0.002000s ]
INFO: [ app_begin ] --END-- [ RunTime:0.002000s ]
NOTIC: [8] Undefined index: login E:\RecordOfLearn\Web\www\dandelionBlog\Home\Lib\Action\IndexAction.class.php 第 84 行.

[ 2016-05-28T20:56:52+08:00 ] 0.0.0.0 /dandelionblog/index.php/Index/limit
INFO: [ app_begin ] --START--
INFO: Run ReadHtmlCache Behavior [ RunTime:0.001001s ]
INFO: [ app_begin ] --END-- [ RunTime:0.002001s ]

[ 2016-05-28T20:56:52+08:00 ] 0.0.0.0 /dandelionblog/index.php/Index/limit
INFO: [ app_begin ] --START--
INFO: Run ReadHtmlCache Behavior [ RunTime:0.001000s ]
INFO: [ app_begin ] --END-- [ RunTime:0.001000s ]

[ 2016-05-28T20:56:54+08:00 ] 0.0.0.0 /dandelionblog/index.php/Index/IsLogin
INFO: [ app_begin ] --START--
INFO: Run ReadHtmlCache Behavior [ RunTime:0.001000s ]
INFO: [ app_begin ] --END-- [ RunTime:0.001000s ]
NOTIC: [8] Undefined index: login E:\RecordOfLearn\Web\www\dandelionBlog\Home\Lib\Action\IndexAction.class.php 第 84 行.

[ 2016-05-28T20:56:54+08:00 ] 0.0.0.0 /dandelionblog/index.php/Index/limit
INFO: [ app_begin ] --START--
INFO: Run ReadHtmlCache Behavior [ RunTime:0.001000s ]
INFO: [ app_begin ] --END-- [ RunTime:0.001000s ]

[ 2016-05-28T20:56:54+08:00 ] 0.0.0.0 /dandelionblog/index.php/Index/limit
INFO: [ app_begin ] --START--
INFO: Run ReadHtmlCache Behavior [ RunTime:0.001001s ]
INFO: [ app_begin ] --END-- [ RunTime:0.001001s ]

[ 2016-05-28T21:03:07+08:00 ] 0.0.0.0 /dandelionblog/index.php/Index/IsLogin
INFO: [ app_begin ] --START--
INFO: Run ReadHtmlCache Behavior [ RunTime:0.000000s ]
INFO: [ app_begin ] --END-- [ RunTime:0.000000s ]
NOTIC: [8] Undefined index: login E:\RecordOfLearn\Web\www\dandelionBlog\Home\Lib\Action\IndexAction.class.php 第 84 行.

[ 2016-05-28T21:03:07+08:00 ] 0.0.0.0 /dandelionblog/index.php/Index/limit
INFO: [ app_begin ] --START--
INFO: Run ReadHtmlCache Behavior [ RunTime:0.001000s ]
INFO: [ app_begin ] --END-- [ RunTime:0.001000s ]

[ 2016-05-28T21:03:07+08:00 ] 0.0.0.0 /dandelionblog/index.php/Index/limit
INFO: [ app_begin ] --START--
INFO: Run ReadHtmlCache Behavior [ RunTime:0.001000s ]
INFO: [ app_begin ] --END-- [ RunTime:0.001000s ]

[ 2016-05-28T21:03:15+08:00 ] 0.0.0.0 /dandelionblog/index.php/Index/IsLogin
INFO: [ app_begin ] --START--
INFO: Run ReadHtmlCache Behavior [ RunTime:0.001000s ]
INFO: [ app_begin ] --END-- [ RunTime:0.001000s ]
NOTIC: [8] Undefined index: login E:\RecordOfLearn\Web\www\dandelionBlog\Home\Lib\Action\IndexAction.class.php 第 84 行.

[ 2016-05-28T21:03:15+08:00 ] 0.0.0.0 /dandelionblog/index.php/Index/limit
INFO: [ app_begin ] --START--
INFO: Run ReadHtmlCache Behavior [ RunTime:0.001000s ]
INFO: [ app_begin ] --END-- [ RunTime:0.001000s ]

[ 2016-05-28T21:03:15+08:00 ] 0.0.0.0 /dandelionblog/index.php/Index/limit
INFO: [ app_begin ] --START--
INFO: Run ReadHtmlCache Behavior [ RunTime:0.001000s ]
INFO: [ app_begin ] --END-- [ RunTime:0.002000s ]

[ 2016-05-28T21:07:21+08:00 ] 0.0.0.0 /dandelionblog/index.php/Index/IsLogin
INFO: [ app_begin ] --START--
INFO: Run ReadHtmlCache Behavior [ RunTime:0.001000s ]
INFO: [ app_begin ] --END-- [ RunTime:0.001000s ]
NOTIC: [8] Undefined index: login E:\RecordOfLearn\Web\www\dandelionBlog\Home\Lib\Action\IndexAction.class.php 第 84 行.

[ 2016-05-28T21:07:21+08:00 ] 0.0.0.0 /dandelionblog/index.php/Index/limit
INFO: [ app_begin ] --START--
INFO: Run ReadHtmlCache Behavior [ RunTime:0.001000s ]
INFO: [ app_begin ] --END-- [ RunTime:0.001000s ]

[ 2016-05-28T21:07:21+08:00 ] 0.0.0.0 /dandelionblog/index.php/Index/limit
INFO: [ app_begin ] --START--
INFO: Run ReadHtmlCache Behavior [ RunTime:0.001001s ]
INFO: [ app_begin ] --END-- [ RunTime:0.001001s ]

[ 2016-05-28T21:09:02+08:00 ] 0.0.0.0 /dandelionblog/index.php/Index/IsLogin
INFO: [ app_begin ] --START--
INFO: Run ReadHtmlCache Behavior [ RunTime:0.001000s ]
INFO: [ app_begin ] --END-- [ RunTime:0.001000s ]
NOTIC: [8] Undefined index: login E:\RecordOfLearn\Web\www\dandelionBlog\Home\Lib\Action\IndexAction.class.php 第 84 行.

[ 2016-05-28T21:09:02+08:00 ] 0.0.0.0 /dandelionblog/index.php/Index/limit
INFO: [ app_begin ] --START--
INFO: Run ReadHtmlCache Behavior [ RunTime:0.001000s ]
INFO: [ app_begin ] --END-- [ RunTime:0.001000s ]

[ 2016-05-28T21:09:02+08:00 ] 0.0.0.0 /dandelionblog/index.php/Index/limit
INFO: [ app_begin ] --START--
INFO: Run ReadHtmlCache Behavior [ RunTime:0.001000s ]
INFO: [ app_begin ] --END-- [ RunTime:0.002000s ]

[ 2016-05-28T21:11:49+08:00 ] 0.0.0.0 /dandelionblog/index.php/Index/IsLogin
INFO: [ app_begin ] --START--
INFO: Run ReadHtmlCache Behavior [ RunTime:0.001000s ]
INFO: [ app_begin ] --END-- [ RunTime:0.001000s ]
NOTIC: [8] Undefined index: login E:\RecordOfLearn\Web\www\dandelionBlog\Home\Lib\Action\IndexAction.class.php 第 84 行.

[ 2016-05-28T21:11:49+08:00 ] 0.0.0.0 /dandelionblog/index.php/Index/limit
INFO: [ app_begin ] --START--
INFO: Run ReadHtmlCache Behavior [ RunTime:0.001000s ]
INFO: [ app_begin ] --END-- [ RunTime:0.001000s ]

[ 2016-05-28T21:11:49+08:00 ] 0.0.0.0 /dandelionblog/index.php/Index/limit
INFO: [ app_begin ] --START--
INFO: Run ReadHtmlCache Behavior [ RunTime:0.001000s ]
INFO: [ app_begin ] --END-- [ RunTime:0.002000s ]

[ 2016-05-28T21:16:46+08:00 ] 0.0.0.0 /dandelionblog/index.php/Index/IsLogin
INFO: [ app_begin ] --START--
INFO: Run ReadHtmlCache Behavior [ RunTime:0.001000s ]
INFO: [ app_begin ] --END-- [ RunTime:0.001000s ]
NOTIC: [8] Undefined index: login E:\RecordOfLearn\Web\www\dandelionBlog\Home\Lib\Action\IndexAction.class.php 第 84 行.

[ 2016-05-28T21:16:46+08:00 ] 0.0.0.0 /dandelionblog/index.php/Index/limit
INFO: [ app_begin ] --START--
INFO: Run ReadHtmlCache Behavior [ RunTime:0.001000s ]
INFO: [ app_begin ] --END-- [ RunTime:0.001000s ]

[ 2016-05-28T21:16:46+08:00 ] 0.0.0.0 /dandelionblog/index.php/Index/limit
INFO: [ app_begin ] --START--
INFO: Run ReadHtmlCache Behavior [ RunTime:0.001000s ]
INFO: [ app_begin ] --END-- [ RunTime:0.001000s ]

[ 2016-05-28T21:20:02+08:00 ] 0.0.0.0 /dandelionblog/index.php/Index/IsLogin
INFO: [ app_begin ] --START--
INFO: Run ReadHtmlCache Behavior [ RunTime:0.000000s ]
INFO: [ app_begin ] --END-- [ RunTime:0.001000s ]
NOTIC: [8] Undefined index: login E:\RecordOfLearn\Web\www\dandelionBlog\Home\Lib\Action\IndexAction.class.php 第 84 行.

[ 2016-05-28T21:20:02+08:00 ] 0.0.0.0 /dandelionblog/index.php/Index/limit
INFO: [ app_begin ] --START--
INFO: Run ReadHtmlCache Behavior [ RunTime:0.001000s ]
INFO: [ app_begin ] --END-- [ RunTime:0.001000s ]

[ 2016-05-28T21:20:02+08:00 ] 0.0.0.0 /dandelionblog/index.php/Index/limit
INFO: [ app_begin ] --START--
INFO: Run ReadHtmlCache Behavior [ RunTime:0.001000s ]
INFO: [ app_begin ] --END-- [ RunTime:0.001000s ]

[ 2016-05-28T21:22:50+08:00 ] 0.0.0.0 /dandelionblog/index.php/Index/IsLogin
INFO: [ app_begin ] --START--
INFO: Run ReadHtmlCache Behavior [ RunTime:0.001000s ]
INFO: [ app_begin ] --END-- [ RunTime:0.001000s ]
NOTIC: [8] Undefined index: login E:\RecordOfLearn\Web\www\dandelionBlog\Home\Lib\Action\IndexAction.class.php 第 84 行.

[ 2016-05-28T21:22:50+08:00 ] 0.0.0.0 /dandelionblog/index.php/Index/limit
INFO: [ app_begin ] --START--
INFO: Run ReadHtmlCache Behavior [ RunTime:0.001000s ]
INFO: [ app_begin ] --END-- [ RunTime:0.001000s ]

[ 2016-05-28T21:22:50+08:00 ] 0.0.0.0 /dandelionblog/index.php/Index/limit
INFO: [ app_begin ] --START--
INFO: Run ReadHtmlCache Behavior [ RunTime:0.001000s ]
INFO: [ app_begin ] --END-- [ RunTime:0.001000s ]

[ 2016-05-28T21:22:56+08:00 ] 0.0.0.0 /dandelionblog/index.php/Index/IsLogin
INFO: [ app_begin ] --START--
INFO: Run ReadHtmlCache Behavior [ RunTime:0.001000s ]
INFO: [ app_begin ] --END-- [ RunTime:0.001000s ]
NOTIC: [8] Undefined index: login E:\RecordOfLearn\Web\www\dandelionBlog\Home\Lib\Action\IndexAction.class.php 第 84 行.

[ 2016-05-28T21:22:56+08:00 ] 0.0.0.0 /dandelionblog/index.php/Index/limit
INFO: [ app_begin ] --START--
INFO: Run ReadHtmlCache Behavior [ RunTime:0.001000s ]
INFO: [ app_begin ] --END-- [ RunTime:0.001000s ]

[ 2016-05-28T21:22:56+08:00 ] 0.0.0.0 /dandelionblog/index.php/Index/limit
INFO: [ app_begin ] --START--
INFO: Run ReadHtmlCache Behavior [ RunTime:0.001000s ]
INFO: [ app_begin ] --END-- [ RunTime:0.001000s ]

[ 2016-05-28T21:23:44+08:00 ] 0.0.0.0 /dandelionblog/index.php/Index/IsLogin
INFO: [ app_begin ] --START--
INFO: Run ReadHtmlCache Behavior [ RunTime:0.001000s ]
INFO: [ app_begin ] --END-- [ RunTime:0.001000s ]
NOTIC: [8] Undefined index: login E:\RecordOfLearn\Web\www\dandelionBlog\Home\Lib\Action\IndexAction.class.php 第 84 行.

[ 2016-05-28T21:23:44+08:00 ] 0.0.0.0 /dandelionblog/index.php/Index/limit
INFO: [ app_begin ] --START--
INFO: Run ReadHtmlCache Behavior [ RunTime:0.001000s ]
INFO: [ app_begin ] --END-- [ RunTime:0.001000s ]

[ 2016-05-28T21:23:44+08:00 ] 0.0.0.0 /dandelionblog/index.php/Index/limit
INFO: [ app_begin ] --START--
INFO: Run ReadHtmlCache Behavior [ RunTime:0.001000s ]
INFO: [ app_begin ] --END-- [ RunTime:0.001000s ]

[ 2016-05-28T21:26:43+08:00 ] 0.0.0.0 /dandelionblog/index.php/Index/IsLogin
INFO: [ app_begin ] --START--
INFO: Run ReadHtmlCache Behavior [ RunTime:0.001000s ]
INFO: [ app_begin ] --END-- [ RunTime:0.001000s ]
NOTIC: [8] Undefined index: login E:\RecordOfLearn\Web\www\dandelionBlog\Home\Lib\Action\IndexAction.class.php 第 84 行.

[ 2016-05-28T21:26:43+08:00 ] 0.0.0.0 /dandelionblog/index.php/Index/limit
INFO: [ app_begin ] --START--
INFO: Run ReadHtmlCache Behavior [ RunTime:0.001000s ]
INFO: [ app_begin ] --END-- [ RunTime:0.001000s ]

[ 2016-05-28T21:26:43+08:00 ] 0.0.0.0 /dandelionblog/index.php/Index/limit
INFO: [ app_begin ] --START--
INFO: Run ReadHtmlCache Behavior [ RunTime:0.000000s ]
INFO: [ app_begin ] --END-- [ RunTime:0.002001s ]

[ 2016-05-28T21:27:45+08:00 ] 0.0.0.0 /dandelionblog/index.php/Index/IsLogin
INFO: [ app_begin ] --START--
INFO: Run ReadHtmlCache Behavior [ RunTime:0.001000s ]
INFO: [ app_begin ] --END-- [ RunTime:0.002000s ]
NOTIC: [8] Undefined index: login E:\RecordOfLearn\Web\www\dandelionBlog\Home\Lib\Action\IndexAction.class.php 第 84 行.

[ 2016-05-28T21:27:45+08:00 ] 0.0.0.0 /dandelionblog/index.php/Index/limit
INFO: [ app_begin ] --START--
INFO: Run ReadHtmlCache Behavior [ RunTime:0.001000s ]
INFO: [ app_begin ] --END-- [ RunTime:0.001000s ]

[ 2016-05-28T21:27:45+08:00 ] 0.0.0.0 /dandelionblog/index.php/Index/limit
INFO: [ app_begin ] --START--
INFO: Run ReadHtmlCache Behavior [ RunTime:0.001000s ]
INFO: [ app_begin ] --END-- [ RunTime:0.001000s ]

[ 2016-05-28T21:27:48+08:00 ] 0.0.0.0 /dandelionblog/index.php/Index/IsLogin
INFO: [ app_begin ] --START--
INFO: Run ReadHtmlCache Behavior [ RunTime:0.001000s ]
INFO: [ app_begin ] --END-- [ RunTime:0.002000s ]
NOTIC: [8] Undefined index: login E:\RecordOfLearn\Web\www\dandelionBlog\Home\Lib\Action\IndexAction.class.php 第 84 行.

[ 2016-05-28T21:27:48+08:00 ] 0.0.0.0 /dandelionblog/index.php/Index/limit
INFO: [ app_begin ] --START--
INFO: Run ReadHtmlCache Behavior [ RunTime:0.001000s ]
INFO: [ app_begin ] --END-- [ RunTime:0.001000s ]

[ 2016-05-28T21:27:48+08:00 ] 0.0.0.0 /dandelionblog/index.php/Index/limit
INFO: [ app_begin ] --START--
INFO: Run ReadHtmlCache Behavior [ RunTime:0.001000s ]
INFO: [ app_begin ] --END-- [ RunTime:0.001000s ]

[ 2016-05-28T21:29:14+08:00 ] 0.0.0.0 /dandelionblog/index.php/Index/IsLogin
INFO: [ app_begin ] --START--
INFO: Run ReadHtmlCache Behavior [ RunTime:0.001000s ]
INFO: [ app_begin ] --END-- [ RunTime:0.001000s ]
NOTIC: [8] Undefined index: login E:\RecordOfLearn\Web\www\dandelionBlog\Home\Lib\Action\IndexAction.class.php 第 84 行.

[ 2016-05-28T21:29:14+08:00 ] 0.0.0.0 /dandelionblog/index.php/Index/limit
INFO: [ app_begin ] --START--
INFO: Run ReadHtmlCache Behavior [ RunTime:0.001000s ]
INFO: [ app_begin ] --END-- [ RunTime:0.001000s ]

[ 2016-05-28T21:29:14+08:00 ] 0.0.0.0 /dandelionblog/index.php/Index/limit
INFO: [ app_begin ] --START--
INFO: Run ReadHtmlCache Behavior [ RunTime:0.001000s ]
INFO: [ app_begin ] --END-- [ RunTime:0.001000s ]

[ 2016-05-28T21:29:16+08:00 ] 0.0.0.0 /dandelionblog/index.php/Index/IsLogin
INFO: [ app_begin ] --START--
INFO: Run ReadHtmlCache Behavior [ RunTime:0.000000s ]
INFO: [ app_begin ] --END-- [ RunTime:0.001000s ]
NOTIC: [8] Undefined index: login E:\RecordOfLearn\Web\www\dandelionBlog\Home\Lib\Action\IndexAction.class.php 第 84 行.

[ 2016-05-28T21:29:16+08:00 ] 0.0.0.0 /dandelionblog/index.php/Index/limit
INFO: [ app_begin ] --START--
INFO: Run ReadHtmlCache Behavior [ RunTime:0.000000s ]
INFO: [ app_begin ] --END-- [ RunTime:0.001000s ]

[ 2016-05-28T21:29:16+08:00 ] 0.0.0.0 /dandelionblog/index.php/Index/limit
INFO: [ app_begin ] --START--
INFO: Run ReadHtmlCache Behavior [ RunTime:0.001000s ]
INFO: [ app_begin ] --END-- [ RunTime:0.001000s ]

[ 2016-05-28T21:29:54+08:00 ] 0.0.0.0 /dandelionblog/index.php/Index/IsLogin
INFO: [ app_begin ] --START--
INFO: Run ReadHtmlCache Behavior [ RunTime:0.001000s ]
INFO: [ app_begin ] --END-- [ RunTime:0.001000s ]
NOTIC: [8] Undefined index: login E:\RecordOfLearn\Web\www\dandelionBlog\Home\Lib\Action\IndexAction.class.php 第 84 行.

[ 2016-05-28T21:29:54+08:00 ] 0.0.0.0 /dandelionblog/index.php/Index/limit
INFO: [ app_begin ] --START--
INFO: Run ReadHtmlCache Behavior [ RunTime:0.001000s ]
INFO: [ app_begin ] --END-- [ RunTime:0.001000s ]

[ 2016-05-28T21:29:54+08:00 ] 0.0.0.0 /dandelionblog/index.php/Index/limit
INFO: [ app_begin ] --START--
INFO: Run ReadHtmlCache Behavior [ RunTime:0.001000s ]
INFO: [ app_begin ] --END-- [ RunTime:0.001000s ]

[ 2016-05-28T21:29:57+08:00 ] 0.0.0.0 /dandelionblog/index.php/Index/IsLogin
INFO: [ app_begin ] --START--
INFO: Run ReadHtmlCache Behavior [ RunTime:0.001000s ]
INFO: [ app_begin ] --END-- [ RunTime:0.001000s ]
NOTIC: [8] Undefined index: login E:\RecordOfLearn\Web\www\dandelionBlog\Home\Lib\Action\IndexAction.class.php 第 84 行.

[ 2016-05-28T21:29:57+08:00 ] 0.0.0.0 /dandelionblog/index.php/Index/limit
INFO: [ app_begin ] --START--
INFO: Run ReadHtmlCache Behavior [ RunTime:0.001000s ]
INFO: [ app_begin ] --END-- [ RunTime:0.001000s ]

[ 2016-05-28T21:29:57+08:00 ] 0.0.0.0 /dandelionblog/index.php/Index/limit
INFO: [ app_begin ] --START--
INFO: Run ReadHtmlCache Behavior [ RunTime:0.001000s ]
INFO: [ app_begin ] --END-- [ RunTime:0.001000s ]

[ 2016-05-28T21:30:36+08:00 ] 0.0.0.0 /dandelionblog/index.php/Index/IsLogin
INFO: [ app_begin ] --START--
INFO: Run ReadHtmlCache Behavior [ RunTime:0.001000s ]
INFO: [ app_begin ] --END-- [ RunTime:0.001000s ]
NOTIC: [8] Undefined index: login E:\RecordOfLearn\Web\www\dandelionBlog\Home\Lib\Action\IndexAction.class.php 第 84 行.

[ 2016-05-28T21:30:36+08:00 ] 0.0.0.0 /dandelionblog/index.php/Index/limit
INFO: [ app_begin ] --START--
INFO: Run ReadHtmlCache Behavior [ RunTime:0.000000s ]
INFO: [ app_begin ] --END-- [ RunTime:0.001000s ]

[ 2016-05-28T21:30:36+08:00 ] 0.0.0.0 /dandelionblog/index.php/Index/limit
INFO: [ app_begin ] --START--
INFO: Run ReadHtmlCache Behavior [ RunTime:0.001000s ]
INFO: [ app_begin ] --END-- [ RunTime:0.001000s ]

[ 2016-05-28T21:32:21+08:00 ] 0.0.0.0 /dandelionblog/index.php/Index/IsLogin
INFO: [ app_begin ] --START--
INFO: Run ReadHtmlCache Behavior [ RunTime:0.001000s ]
INFO: [ app_begin ] --END-- [ RunTime:0.001000s ]
NOTIC: [8] Undefined index: login E:\RecordOfLearn\Web\www\dandelionBlog\Home\Lib\Action\IndexAction.class.php 第 84 行.

[ 2016-05-28T21:32:21+08:00 ] 0.0.0.0 /dandelionblog/index.php/Index/limit
INFO: [ app_begin ] --START--
INFO: Run ReadHtmlCache Behavior [ RunTime:0.002001s ]
INFO: [ app_begin ] --END-- [ RunTime:0.002001s ]

[ 2016-05-28T21:32:21+08:00 ] 0.0.0.0 /dandelionblog/index.php/Index/limit
INFO: [ app_begin ] --START--
INFO: Run ReadHtmlCache Behavior [ RunTime:0.001000s ]
INFO: [ app_begin ] --END-- [ RunTime:0.001000s ]

[ 2016-05-28T21:33:33+08:00 ] 0.0.0.0 /dandelionblog/index.php/Index/IsLogin
INFO: [ app_begin ] --START--
INFO: Run ReadHtmlCache Behavior [ RunTime:0.001000s ]
INFO: [ app_begin ] --END-- [ RunTime:0.001000s ]
NOTIC: [8] Undefined index: login E:\RecordOfLearn\Web\www\dandelionBlog\Home\Lib\Action\IndexAction.class.php 第 84 行.

[ 2016-05-28T21:33:33+08:00 ] 0.0.0.0 /dandelionblog/index.php/Index/limit
INFO: [ app_begin ] --START--
INFO: Run ReadHtmlCache Behavior [ RunTime:0.001000s ]
INFO: [ app_begin ] --END-- [ RunTime:0.001000s ]

[ 2016-05-28T21:33:33+08:00 ] 0.0.0.0 /dandelionblog/index.php/Index/limit
INFO: [ app_begin ] --START--
INFO: Run ReadHtmlCache Behavior [ RunTime:0.000000s ]
INFO: [ app_begin ] --END-- [ RunTime:0.001000s ]

[ 2016-05-28T21:33:36+08:00 ] 0.0.0.0 /dandelionblog/index.php/Index/IsLogin
INFO: [ app_begin ] --START--
INFO: Run ReadHtmlCache Behavior [ RunTime:0.001000s ]
INFO: [ app_begin ] --END-- [ RunTime:0.001000s ]
NOTIC: [8] Undefined index: login E:\RecordOfLearn\Web\www\dandelionBlog\Home\Lib\Action\IndexAction.class.php 第 84 行.

[ 2016-05-28T21:33:36+08:00 ] 0.0.0.0 /dandelionblog/index.php/Index/limit
INFO: [ app_begin ] --START--
INFO: Run ReadHtmlCache Behavior [ RunTime:0.000000s ]
INFO: [ app_begin ] --END-- [ RunTime:0.000000s ]

[ 2016-05-28T21:33:36+08:00 ] 0.0.0.0 /dandelionblog/index.php/Index/limit
INFO: [ app_begin ] --START--
INFO: Run ReadHtmlCache Behavior [ RunTime:0.001000s ]
INFO: [ app_begin ] --END-- [ RunTime:0.001000s ]

[ 2016-05-28T21:33:38+08:00 ] 0.0.0.0 /dandelionblog/index.php/Index/IsLogin
INFO: [ app_begin ] --START--
INFO: Run ReadHtmlCache Behavior [ RunTime:0.001000s ]
INFO: [ app_begin ] --END-- [ RunTime:0.001000s ]
NOTIC: [8] Undefined index: login E:\RecordOfLearn\Web\www\dandelionBlog\Home\Lib\Action\IndexAction.class.php 第 84 行.

[ 2016-05-28T21:33:38+08:00 ] 0.0.0.0 /dandelionblog/index.php/Index/limit
INFO: [ app_begin ] --START--
INFO: Run ReadHtmlCache Behavior [ RunTime:0.001000s ]
INFO: [ app_begin ] --END-- [ RunTime:0.001000s ]

[ 2016-05-28T21:33:38+08:00 ] 0.0.0.0 /dandelionblog/index.php/Index/limit
INFO: [ app_begin ] --START--
INFO: Run ReadHtmlCache Behavior [ RunTime:0.001000s ]
INFO: [ app_begin ] --END-- [ RunTime:0.001000s ]

[ 2016-05-28T21:33:51+08:00 ] 0.0.0.0 /dandelionblog/index.php/Index/IsLogin
INFO: [ app_begin ] --START--
INFO: Run ReadHtmlCache Behavior [ RunTime:0.000000s ]
INFO: [ app_begin ] --END-- [ RunTime:0.001001s ]
NOTIC: [8] Undefined index: login E:\RecordOfLearn\Web\www\dandelionBlog\Home\Lib\Action\IndexAction.class.php 第 84 行.

[ 2016-05-28T21:33:51+08:00 ] 0.0.0.0 /dandelionblog/index.php/Index/limit
INFO: [ app_begin ] --START--
INFO: Run ReadHtmlCache Behavior [ RunTime:0.001000s ]
INFO: [ app_begin ] --END-- [ RunTime:0.001000s ]

[ 2016-05-28T21:33:51+08:00 ] 0.0.0.0 /dandelionblog/index.php/Index/limit
INFO: [ app_begin ] --START--
INFO: Run ReadHtmlCache Behavior [ RunTime:0.001000s ]
INFO: [ app_begin ] --END-- [ RunTime:0.001000s ]

[ 2016-05-28T21:33:57+08:00 ] 0.0.0.0 /dandelionblog/index.php/Index/IsLogin
INFO: [ app_begin ] --START--
INFO: Run ReadHtmlCache Behavior [ RunTime:0.000000s ]
INFO: [ app_begin ] --END-- [ RunTime:0.001000s ]
NOTIC: [8] Undefined index: login E:\RecordOfLearn\Web\www\dandelionBlog\Home\Lib\Action\IndexAction.class.php 第 84 行.

[ 2016-05-28T21:33:57+08:00 ] 0.0.0.0 /dandelionblog/index.php/Index/limit
INFO: [ app_begin ] --START--
INFO: Run ReadHtmlCache Behavior [ RunTime:0.001000s ]
INFO: [ app_begin ] --END-- [ RunTime:0.001000s ]

[ 2016-05-28T21:33:57+08:00 ] 0.0.0.0 /dandelionblog/index.php/Index/limit
INFO: [ app_begin ] --START--
INFO: Run ReadHtmlCache Behavior [ RunTime:0.001000s ]
INFO: [ app_begin ] --END-- [ RunTime:0.001000s ]

[ 2016-05-28T21:34:25+08:00 ] 0.0.0.0 /dandelionblog/index.php/Index/IsLogin
INFO: [ app_begin ] --START--
INFO: Run ReadHtmlCache Behavior [ RunTime:0.001000s ]
INFO: [ app_begin ] --END-- [ RunTime:0.001000s ]
NOTIC: [8] Undefined index: login E:\RecordOfLearn\Web\www\dandelionBlog\Home\Lib\Action\IndexAction.class.php 第 84 行.

[ 2016-05-28T21:34:25+08:00 ] 0.0.0.0 /dandelionblog/index.php/Index/limit
INFO: [ app_begin ] --START--
INFO: Run ReadHtmlCache Behavior [ RunTime:0.001000s ]
INFO: [ app_begin ] --END-- [ RunTime:0.001000s ]

[ 2016-05-28T21:34:25+08:00 ] 0.0.0.0 /dandelionblog/index.php/Index/limit
INFO: [ app_begin ] --START--
INFO: Run ReadHtmlCache Behavior [ RunTime:0.001000s ]
INFO: [ app_begin ] --END-- [ RunTime:0.001000s ]

[ 2016-05-28T21:34:28+08:00 ] 0.0.0.0 /dandelionblog/index.php/Index/IsLogin
INFO: [ app_begin ] --START--
INFO: Run ReadHtmlCache Behavior [ RunTime:0.001000s ]
INFO: [ app_begin ] --END-- [ RunTime:0.001000s ]
NOTIC: [8] Undefined index: login E:\RecordOfLearn\Web\www\dandelionBlog\Home\Lib\Action\IndexAction.class.php 第 84 行.

[ 2016-05-28T21:34:28+08:00 ] 0.0.0.0 /dandelionblog/index.php/Index/limit
INFO: [ app_begin ] --START--
INFO: Run ReadHtmlCache Behavior [ RunTime:0.001000s ]
INFO: [ app_begin ] --END-- [ RunTime:0.001000s ]

[ 2016-05-28T21:34:28+08:00 ] 0.0.0.0 /dandelionblog/index.php/Index/limit
INFO: [ app_begin ] --START--
INFO: Run ReadHtmlCache Behavior [ RunTime:0.001000s ]
INFO: [ app_begin ] --END-- [ RunTime:0.001000s ]

[ 2016-05-28T21:34:29+08:00 ] 0.0.0.0 /dandelionblog/index.php/Index/IsLogin
INFO: [ app_begin ] --START--
INFO: Run ReadHtmlCache Behavior [ RunTime:0.001000s ]
INFO: [ app_begin ] --END-- [ RunTime:0.002000s ]
NOTIC: [8] Undefined index: login E:\RecordOfLearn\Web\www\dandelionBlog\Home\Lib\Action\IndexAction.class.php 第 84 行.

[ 2016-05-28T21:34:29+08:00 ] 0.0.0.0 /dandelionblog/index.php/Index/limit
INFO: [ app_begin ] --START--
INFO: Run ReadHtmlCache Behavior [ RunTime:0.001000s ]
INFO: [ app_begin ] --END-- [ RunTime:0.001000s ]

[ 2016-05-28T21:34:29+08:00 ] 0.0.0.0 /dandelionblog/index.php/Index/limit
INFO: [ app_begin ] --START--
INFO: Run ReadHtmlCache Behavior [ RunTime:0.001000s ]
INFO: [ app_begin ] --END-- [ RunTime:0.001000s ]

[ 2016-05-28T21:40:13+08:00 ] 0.0.0.0 /dandelionblog/index.php/Index/IsLogin
INFO: [ app_begin ] --START--
INFO: Run ReadHtmlCache Behavior [ RunTime:0.001000s ]
INFO: [ app_begin ] --END-- [ RunTime:0.001000s ]
NOTIC: [8] Undefined index: login E:\RecordOfLearn\Web\www\dandelionBlog\Home\Lib\Action\IndexAction.class.php 第 84 行.

[ 2016-05-28T21:40:17+08:00 ] 0.0.0.0 /dandelionblog/index.php/Index/IsLogin
INFO: [ app_begin ] --START--
INFO: Run ReadHtmlCache Behavior [ RunTime:0.001000s ]
INFO: [ app_begin ] --END-- [ RunTime:0.001000s ]
NOTIC: [8] Undefined index: login E:\RecordOfLearn\Web\www\dandelionBlog\Home\Lib\Action\IndexAction.class.php 第 84 行.

[ 2016-05-28T21:40:21+08:00 ] 0.0.0.0 /dandelionblog/index.php/Index/IsLogin
INFO: [ app_begin ] --START--
INFO: Run ReadHtmlCache Behavior [ RunTime:0.001000s ]
INFO: [ app_begin ] --END-- [ RunTime:0.001000s ]
NOTIC: [8] Undefined index: login E:\RecordOfLearn\Web\www\dandelionBlog\Home\Lib\Action\IndexAction.class.php 第 84 行.

[ 2016-05-28T21:40:25+08:00 ] 0.0.0.0 /dandelionblog/index.php/Index/IsLogin
INFO: [ app_begin ] --START--
INFO: Run ReadHtmlCache Behavior [ RunTime:0.001000s ]
INFO: [ app_begin ] --END-- [ RunTime:0.001000s ]
NOTIC: [8] Undefined index: login E:\RecordOfLearn\Web\www\dandelionBlog\Home\Lib\Action\IndexAction.class.php 第 84 行.

[ 2016-05-28T21:40:38+08:00 ] 0.0.0.0 /dandelionblog/index.php/Index/IsLogin
INFO: [ app_begin ] --START--
INFO: Run ReadHtmlCache Behavior [ RunTime:0.001000s ]
INFO: [ app_begin ] --END-- [ RunTime:0.001000s ]
NOTIC: [8] Undefined index: login E:\RecordOfLearn\Web\www\dandelionBlog\Home\Lib\Action\IndexAction.class.php 第 84 行.

[ 2016-05-28T21:40:39+08:00 ] 0.0.0.0 /dandelionblog/index.php/Index/IsLogin
INFO: [ app_begin ] --START--
INFO: Run ReadHtmlCache Behavior [ RunTime:0.000000s ]
INFO: [ app_begin ] --END-- [ RunTime:0.001000s ]
NOTIC: [8] Undefined index: login E:\RecordOfLearn\Web\www\dandelionBlog\Home\Lib\Action\IndexAction.class.php 第 84 行.

[ 2016-05-28T21:40:40+08:00 ] 0.0.0.0 /dandelionblog/index.php/Index/IsLogin
INFO: [ app_begin ] --START--
INFO: Run ReadHtmlCache Behavior [ RunTime:0.001000s ]
INFO: [ app_begin ] --END-- [ RunTime:0.001000s ]
NOTIC: [8] Undefined index: login E:\RecordOfLearn\Web\www\dandelionBlog\Home\Lib\Action\IndexAction.class.php 第 84 行.

[ 2016-05-28T21:40:48+08:00 ] 0.0.0.0 /dandelionblog/index.php/Index/IsLogin
INFO: [ app_begin ] --START--
INFO: Run ReadHtmlCache Behavior [ RunTime:0.001001s ]
INFO: [ app_begin ] --END-- [ RunTime:0.001001s ]
NOTIC: [8] Undefined index: login E:\RecordOfLearn\Web\www\dandelionBlog\Home\Lib\Action\IndexAction.class.php 第 84 行.

[ 2016-05-28T21:41:06+08:00 ] 0.0.0.0 /dandelionblog/index.php/Index/IsLogin
INFO: [ app_begin ] --START--
INFO: Run ReadHtmlCache Behavior [ RunTime:0.001000s ]
INFO: [ app_begin ] --END-- [ RunTime:0.001000s ]
NOTIC: [8] Undefined index: login E:\RecordOfLearn\Web\www\dandelionBlog\Home\Lib\Action\IndexAction.class.php 第 84 行.

[ 2016-05-28T21:43:25+08:00 ] 0.0.0.0 /dandelionblog/index.php/Index/IsLogin
INFO: [ app_begin ] --START--
INFO: Run ReadHtmlCache Behavior [ RunTime:0.000000s ]
INFO: [ app_begin ] --END-- [ RunTime:0.001000s ]
NOTIC: [8] Undefined index: login E:\RecordOfLearn\Web\www\dandelionBlog\Home\Lib\Action\IndexAction.class.php 第 84 行.

[ 2016-05-28T21:46:38+08:00 ] 0.0.0.0 /dandelionblog/index.php/Index/IsLogin
INFO: [ app_begin ] --START--
INFO: Run ReadHtmlCache Behavior [ RunTime:0.001000s ]
INFO: [ app_begin ] --END-- [ RunTime:0.001000s ]
NOTIC: [8] Undefined index: login E:\RecordOfLearn\Web\www\dandelionBlog\Home\Lib\Action\IndexAction.class.php 第 84 行.

[ 2016-05-28T21:46:40+08:00 ] 0.0.0.0 /dandelionblog/index.php/Index/IsLogin
INFO: [ app_begin ] --START--
INFO: Run ReadHtmlCache Behavior [ RunTime:0.001000s ]
INFO: [ app_begin ] --END-- [ RunTime:0.001000s ]
NOTIC: [8] Undefined index: login E:\RecordOfLearn\Web\www\dandelionBlog\Home\Lib\Action\IndexAction.class.php 第 84 行.

[ 2016-05-28T21:48:10+08:00 ] 0.0.0.0 /dandelionblog/index.php/Index/IsLogin
INFO: [ app_begin ] --START--
INFO: Run ReadHtmlCache Behavior [ RunTime:0.001000s ]
INFO: [ app_begin ] --END-- [ RunTime:0.001000s ]
NOTIC: [8] Undefined index: login E:\RecordOfLearn\Web\www\dandelionBlog\Home\Lib\Action\IndexAction.class.php 第 84 行.

[ 2016-05-28T21:50:30+08:00 ] 0.0.0.0 /dandelionblog/index.php/Index/IsLogin
INFO: [ app_begin ] --START--
INFO: Run ReadHtmlCache Behavior [ RunTime:0.002000s ]
INFO: [ app_begin ] --END-- [ RunTime:0.002000s ]
NOTIC: [8] Undefined index: login E:\RecordOfLearn\Web\www\dandelionBlog\Home\Lib\Action\IndexAction.class.php 第 84 行.

[ 2016-05-28T21:50:32+08:00 ] 0.0.0.0 /dandelionblog/index.php/Index/IsLogin
INFO: [ app_begin ] --START--
INFO: Run ReadHtmlCache Behavior [ RunTime:0.001000s ]
INFO: [ app_begin ] --END-- [ RunTime:0.002000s ]
NOTIC: [8] Undefined index: login E:\RecordOfLearn\Web\www\dandelionBlog\Home\Lib\Action\IndexAction.class.php 第 84 行.

[ 2016-05-28T21:50:52+08:00 ] 0.0.0.0 /dandelionblog/index.php/Index/IsLogin
INFO: [ app_begin ] --START--
INFO: Run ReadHtmlCache Behavior [ RunTime:0.001000s ]
INFO: [ app_begin ] --END-- [ RunTime:0.001000s ]
NOTIC: [8] Undefined index: login E:\RecordOfLearn\Web\www\dandelionBlog\Home\Lib\Action\IndexAction.class.php 第 84 行.

[ 2016-05-28T21:51:02+08:00 ] 0.0.0.0 /dandelionblog/index.php/Index/IsLogin
INFO: [ app_begin ] --START--
INFO: Run ReadHtmlCache Behavior [ RunTime:0.000000s ]
INFO: [ app_begin ] --END-- [ RunTime:0.001000s ]
NOTIC: [8] Undefined index: login E:\RecordOfLearn\Web\www\dandelionBlog\Home\Lib\Action\IndexAction.class.php 第 84 行.

[ 2016-05-28T21:51:03+08:00 ] 0.0.0.0 /dandelionblog/index.php/Index/IsLogin
INFO: [ app_begin ] --START--
INFO: Run ReadHtmlCache Behavior [ RunTime:0.002000s ]
INFO: [ app_begin ] --END-- [ RunTime:0.002000s ]
NOTIC: [8] Undefined index: login E:\RecordOfLearn\Web\www\dandelionBlog\Home\Lib\Action\IndexAction.class.php 第 84 行.

[ 2016-05-28T21:51:05+08:00 ] 0.0.0.0 /dandelionblog/index.php/Index/IsLogin
INFO: [ app_begin ] --START--
INFO: Run ReadHtmlCache Behavior [ RunTime:0.000000s ]
INFO: [ app_begin ] --END-- [ RunTime:0.001000s ]
NOTIC: [8] Undefined index: login E:\RecordOfLearn\Web\www\dandelionBlog\Home\Lib\Action\IndexAction.class.php 第 84 行.

[ 2016-05-28T21:51:13+08:00 ] 0.0.0.0 /dandelionblog/index.php/Index/IsLogin
INFO: [ app_begin ] --START--
INFO: Run ReadHtmlCache Behavior [ RunTime:0.000000s ]
INFO: [ app_begin ] --END-- [ RunTime:0.001000s ]
NOTIC: [8] Undefined index: login E:\RecordOfLearn\Web\www\dandelionBlog\Home\Lib\Action\IndexAction.class.php 第 84 行.

[ 2016-05-28T21:51:16+08:00 ] 0.0.0.0 /dandelionblog/index.php/Index/IsLogin
INFO: [ app_begin ] --START--
INFO: Run ReadHtmlCache Behavior [ RunTime:0.001000s ]
INFO: [ app_begin ] --END-- [ RunTime:0.001000s ]
NOTIC: [8] Undefined index: login E:\RecordOfLearn\Web\www\dandelionBlog\Home\Lib\Action\IndexAction.class.php 第 84 行.

[ 2016-05-28T21:52:18+08:00 ] 0.0.0.0 /dandelionblog/index.php/Index/IsLogin
INFO: [ app_begin ] --START--
INFO: Run ReadHtmlCache Behavior [ RunTime:0.001000s ]
INFO: [ app_begin ] --END-- [ RunTime:0.001000s ]
NOTIC: [8] Undefined index: login E:\RecordOfLearn\Web\www\dandelionBlog\Home\Lib\Action\IndexAction.class.php 第 84 行.

[ 2016-05-28T21:52:28+08:00 ] 0.0.0.0 /dandelionblog/index.php/Index/IsLogin
INFO: [ app_begin ] --START--
INFO: Run ReadHtmlCache Behavior [ RunTime:0.001000s ]
INFO: [ app_begin ] --END-- [ RunTime:0.002000s ]
NOTIC: [8] Undefined index: login E:\RecordOfLearn\Web\www\dandelionBlog\Home\Lib\Action\IndexAction.class.php 第 84 行.

[ 2016-05-28T21:55:50+08:00 ] 0.0.0.0 /dandelionblog/index.php/Index/IsLogin
INFO: [ app_begin ] --START--
INFO: Run ReadHtmlCache Behavior [ RunTime:0.001000s ]
INFO: [ app_begin ] --END-- [ RunTime:0.001000s ]
NOTIC: [8] Undefined index: login E:\RecordOfLearn\Web\www\dandelionBlog\Home\Lib\Action\IndexAction.class.php 第 84 行.

[ 2016-05-28T21:55:51+08:00 ] 0.0.0.0 /dandelionblog/index.php/Index/IsLogin
INFO: [ app_begin ] --START--
INFO: Run ReadHtmlCache Behavior [ RunTime:0.001000s ]
INFO: [ app_begin ] --END-- [ RunTime:0.001000s ]
NOTIC: [8] Undefined index: login E:\RecordOfLearn\Web\www\dandelionBlog\Home\Lib\Action\IndexAction.class.php 第 84 行.

[ 2016-05-28T21:56:32+08:00 ] 0.0.0.0 /dandelionblog/index.php/Index/IsLogin
INFO: [ app_begin ] --START--
INFO: Run ReadHtmlCache Behavior [ RunTime:0.001000s ]
INFO: [ app_begin ] --END-- [ RunTime:0.001000s ]
NOTIC: [8] Undefined index: login E:\RecordOfLearn\Web\www\dandelionBlog\Home\Lib\Action\IndexAction.class.php 第 84 行.

[ 2016-05-28T21:59:55+08:00 ] 0.0.0.0 /dandelionblog/index.php/Index/IsLogin
INFO: [ app_begin ] --START--
INFO: Run ReadHtmlCache Behavior [ RunTime:0.001000s ]
INFO: [ app_begin ] --END-- [ RunTime:0.001000s ]
NOTIC: [8] Undefined index: login E:\RecordOfLearn\Web\www\dandelionBlog\Home\Lib\Action\IndexAction.class.php 第 84 行.

[ 2016-05-28T22:03:04+08:00 ] 0.0.0.0 /dandelionblog/index.php/Index/IsLogin
INFO: [ app_begin ] --START--
INFO: Run ReadHtmlCache Behavior [ RunTime:0.001000s ]
INFO: [ app_begin ] --END-- [ RunTime:0.001000s ]
NOTIC: [8] Undefined index: login E:\RecordOfLearn\Web\www\dandelionBlog\Home\Lib\Action\IndexAction.class.php 第 84 行.

