[ 2016-05-26T22:29:40+08:00 ] ERR: (ThinkException) Le hôte 'localhost' n'est pas authorisé à se connecter à ce serveur MySQL
[ 2016-05-26T22:30:50+08:00 ] 0.0.0.0 /MyBlog/Index/IsLogin
INFO: [ app_begin ] --START--
INFO: Run ReadHtmlCache Behavior [ RunTime:0.001000s ]
INFO: [ app_begin ] --END-- [ RunTime:0.001000s ]
NOTIC: [8] Undefined index: login E:\RecordOfLearn\Web\www\MyBlog\Home\Lib\Action\IndexAction.class.php ç¬¬ 82 è¡Œ.

[ 2016-05-26T22:30:50+08:00 ] 0.0.0.0 /MyBlog/Index/limit
INFO: [ app_begin ] --START--
INFO: Run ReadHtmlCache Behavior [ RunTime:0.000000s ]
INFO: [ app_begin ] --END-- [ RunTime:0.001000s ]

[ 2016-05-26T22:30:50+08:00 ] 0.0.0.0 /MyBlog/Index/limit
INFO: [ app_begin ] --START--
INFO: Run ReadHtmlCache Behavior [ RunTime:0.001000s ]
INFO: [ app_begin ] --END-- [ RunTime:0.001000s ]

[ 2016-05-26T22:31:17+08:00 ] 0.0.0.0 /MyBlog/Index/IsLogin
INFO: [ app_begin ] --START--
INFO: Run ReadHtmlCache Behavior [ RunTime:0.001000s ]
INFO: [ app_begin ] --END-- [ RunTime:0.001000s ]
NOTIC: [8] Undefined index: login E:\RecordOfLearn\Web\www\MyBlog\Home\Lib\Action\IndexAction.class.php ç¬¬ 82 è¡Œ.

[ 2016-05-26T22:31:17+08:00 ] 0.0.0.0 /MyBlog/Index/limit
INFO: [ app_begin ] --START--
INFO: Run ReadHtmlCache Behavior [ RunTime:0.001000s ]
INFO: [ app_begin ] --END-- [ RunTime:0.001000s ]

[ 2016-05-26T22:31:17+08:00 ] 0.0.0.0 /MyBlog/Index/limit
INFO: [ app_begin ] --START--
INFO: Run ReadHtmlCache Behavior [ RunTime:0.001000s ]
INFO: [ app_begin ] --END-- [ RunTime:0.001000s ]

