[ 2016-05-29T14:53:57+08:00 ] 0.0.0.0 /dandelionblog/index.php/Index/IsLogin
INFO: [ app_begin ] --START--
INFO: Run ReadHtmlCache Behavior [ RunTime:0.001000s ]
INFO: [ app_begin ] --END-- [ RunTime:0.001000s ]
NOTIC: [8] Undefined index: login E:\RecordOfLearn\Web\www\dandelionBlog\Home\Lib\Action\IndexAction.class.php 第 84 行.

[ 2016-05-29T14:57:29+08:00 ] 0.0.0.0 /dandelionblog/index.php/Index/IsLogin
INFO: [ app_begin ] --START--
INFO: Run ReadHtmlCache Behavior [ RunTime:0.001000s ]
INFO: [ app_begin ] --END-- [ RunTime:0.001000s ]
NOTIC: [8] Undefined index: login E:\RecordOfLearn\Web\www\dandelionBlog\Home\Lib\Action\IndexAction.class.php 第 84 行.

[ 2016-05-29T15:06:21+08:00 ] 0.0.0.0 /dandelionblog/index.php/Index/IsLogin
INFO: [ app_begin ] --START--
INFO: Run ReadHtmlCache Behavior [ RunTime:0.001000s ]
INFO: [ app_begin ] --END-- [ RunTime:0.002000s ]
NOTIC: [8] Undefined index: login E:\RecordOfLearn\Web\www\dandelionBlog\Home\Lib\Action\IndexAction.class.php 第 84 行.

[ 2016-05-29T15:08:10+08:00 ] 0.0.0.0 /dandelionblog/index.php/Index/IsLogin
INFO: [ app_begin ] --START--
INFO: Run ReadHtmlCache Behavior [ RunTime:0.001000s ]
INFO: [ app_begin ] --END-- [ RunTime:0.001000s ]
NOTIC: [8] Undefined index: login E:\RecordOfLearn\Web\www\dandelionBlog\Home\Lib\Action\IndexAction.class.php 第 81 行.

[ 2016-05-29T15:08:34+08:00 ] 0.0.0.0 /dandelionblog/index.php/Index/IsLogin
INFO: [ app_begin ] --START--
INFO: Run ReadHtmlCache Behavior [ RunTime:0.001000s ]
INFO: [ app_begin ] --END-- [ RunTime:0.001000s ]
NOTIC: [8] Undefined index: login E:\RecordOfLearn\Web\www\dandelionBlog\Home\Lib\Action\IndexAction.class.php 第 81 行.

[ 2016-05-29T15:09:00+08:00 ] 0.0.0.0 /dandelionblog/index.php/Index/IsLogin
INFO: [ app_begin ] --START--
INFO: Run ReadHtmlCache Behavior [ RunTime:0.002000s ]
INFO: [ app_begin ] --END-- [ RunTime:0.002000s ]
NOTIC: [8] Undefined index: login E:\RecordOfLearn\Web\www\dandelionBlog\Home\Lib\Action\IndexAction.class.php 第 81 行.

[ 2016-05-29T15:10:54+08:00 ] 0.0.0.0 /dandelionblog/index.php/Index/IsLogin
INFO: [ app_begin ] --START--
INFO: Run ReadHtmlCache Behavior [ RunTime:0.000000s ]
INFO: [ app_begin ] --END-- [ RunTime:0.002000s ]
NOTIC: [8] Undefined index: login E:\RecordOfLearn\Web\www\dandelionBlog\Home\Lib\Action\IndexAction.class.php 第 76 行.

[ 2016-05-29T15:11:03+08:00 ] 0.0.0.0 /dandelionblog/index.php/Index/IsLogin
INFO: [ app_begin ] --START--
INFO: Run ReadHtmlCache Behavior [ RunTime:0.001001s ]
INFO: [ app_begin ] --END-- [ RunTime:0.001001s ]
NOTIC: [8] Undefined index: login E:\RecordOfLearn\Web\www\dandelionBlog\Home\Lib\Action\IndexAction.class.php 第 76 行.

[ 2016-05-29T15:11:06+08:00 ] 0.0.0.0 /dandelionblog/index.php/Index/IsLogin
INFO: [ app_begin ] --START--
INFO: Run ReadHtmlCache Behavior [ RunTime:0.001000s ]
INFO: [ app_begin ] --END-- [ RunTime:0.001000s ]
NOTIC: [8] Undefined index: login E:\RecordOfLearn\Web\www\dandelionBlog\Home\Lib\Action\IndexAction.class.php 第 76 行.

[ 2016-05-29T15:35:16+08:00 ] 0.0.0.0 /dandelionblog/index.php/Index/IsLogin
INFO: [ app_begin ] --START--
INFO: Run ReadHtmlCache Behavior [ RunTime:0.000000s ]
INFO: [ app_begin ] --END-- [ RunTime:0.001000s ]
NOTIC: [8] Undefined index: login E:\RecordOfLearn\Web\www\dandelionBlog\Home\Lib\Action\IndexAction.class.php 第 77 行.

[ 2016-05-29T15:37:10+08:00 ] 0.0.0.0 /dandelionblog/index.php/Index/IsLogin
INFO: [ app_begin ] --START--
INFO: Run ReadHtmlCache Behavior [ RunTime:0.001000s ]
INFO: [ app_begin ] --END-- [ RunTime:0.001000s ]
NOTIC: [8] Undefined index: login E:\RecordOfLearn\Web\www\dandelionBlog\Home\Lib\Action\IndexAction.class.php 第 77 行.

[ 2016-05-29T15:37:11+08:00 ] 0.0.0.0 /dandelionblog/index.php/Index/IsLogin
INFO: [ app_begin ] --START--
INFO: Run ReadHtmlCache Behavior [ RunTime:0.002000s ]
INFO: [ app_begin ] --END-- [ RunTime:0.003000s ]
NOTIC: [8] Undefined index: login E:\RecordOfLearn\Web\www\dandelionBlog\Home\Lib\Action\IndexAction.class.php 第 77 行.

[ 2016-05-29T15:37:20+08:00 ] 0.0.0.0 /dandelionblog/index.php/Index/IsLogin
INFO: [ app_begin ] --START--
INFO: Run ReadHtmlCache Behavior [ RunTime:0.001000s ]
INFO: [ app_begin ] --END-- [ RunTime:0.001000s ]
NOTIC: [8] Undefined index: login E:\RecordOfLearn\Web\www\dandelionBlog\Home\Lib\Action\IndexAction.class.php 第 77 行.

[ 2016-05-29T15:37:45+08:00 ] 0.0.0.0 /dandelionblog/index.php/Index/IsLogin
INFO: [ app_begin ] --START--
INFO: Run ReadHtmlCache Behavior [ RunTime:0.000000s ]
INFO: [ app_begin ] --END-- [ RunTime:0.001000s ]
NOTIC: [8] Undefined index: login E:\RecordOfLearn\Web\www\dandelionBlog\Home\Lib\Action\IndexAction.class.php 第 77 行.

[ 2016-05-29T15:39:18+08:00 ] 0.0.0.0 /dandelionblog/index.php/Index/IsLogin
INFO: [ app_begin ] --START--
INFO: Run ReadHtmlCache Behavior [ RunTime:0.001001s ]
INFO: [ app_begin ] --END-- [ RunTime:0.001001s ]
NOTIC: [8] Undefined index: login E:\RecordOfLearn\Web\www\dandelionBlog\Home\Lib\Action\IndexAction.class.php 第 77 行.

[ 2016-05-29T15:40:38+08:00 ] 0.0.0.0 /dandelionblog/index.php/Index/IsLogin
INFO: [ app_begin ] --START--
INFO: Run ReadHtmlCache Behavior [ RunTime:0.000000s ]
INFO: [ app_begin ] --END-- [ RunTime:0.002000s ]
NOTIC: [8] Undefined index: login E:\RecordOfLearn\Web\www\dandelionBlog\Home\Lib\Action\IndexAction.class.php 第 77 行.

[ 2016-05-29T15:40:50+08:00 ] 0.0.0.0 /dandelionblog/index.php/Index/IsLogin
INFO: [ app_begin ] --START--
INFO: Run ReadHtmlCache Behavior [ RunTime:0.001000s ]
INFO: [ app_begin ] --END-- [ RunTime:0.001000s ]
NOTIC: [8] Undefined index: login E:\RecordOfLearn\Web\www\dandelionBlog\Home\Lib\Action\IndexAction.class.php 第 77 行.

[ 2016-05-29T15:41:06+08:00 ] 0.0.0.0 /dandelionblog/index.php/Index/IsLogin
INFO: [ app_begin ] --START--
INFO: Run ReadHtmlCache Behavior [ RunTime:0.001000s ]
INFO: [ app_begin ] --END-- [ RunTime:0.001000s ]
NOTIC: [8] Undefined index: login E:\RecordOfLearn\Web\www\dandelionBlog\Home\Lib\Action\IndexAction.class.php 第 77 行.

[ 2016-05-29T15:41:42+08:00 ] 0.0.0.0 /dandelionblog/index.php/Index/IsLogin
INFO: [ app_begin ] --START--
INFO: Run ReadHtmlCache Behavior [ RunTime:0.001000s ]
INFO: [ app_begin ] --END-- [ RunTime:0.001000s ]
NOTIC: [8] Undefined index: login E:\RecordOfLearn\Web\www\dandelionBlog\Home\Lib\Action\IndexAction.class.php 第 77 行.

[ 2016-05-29T15:42:41+08:00 ] 0.0.0.0 /dandelionblog/index.php/Index/IsLogin
INFO: [ app_begin ] --START--
INFO: Run ReadHtmlCache Behavior [ RunTime:0.001000s ]
INFO: [ app_begin ] --END-- [ RunTime:0.001000s ]
NOTIC: [8] Undefined index: login E:\RecordOfLearn\Web\www\dandelionBlog\Home\Lib\Action\IndexAction.class.php 第 77 行.

[ 2016-05-29T15:44:01+08:00 ] 0.0.0.0 /dandelionblog/index.php/Index/IsLogin
INFO: [ app_begin ] --START--
INFO: Run ReadHtmlCache Behavior [ RunTime:0.001000s ]
INFO: [ app_begin ] --END-- [ RunTime:0.001000s ]
NOTIC: [8] Undefined index: login E:\RecordOfLearn\Web\www\dandelionBlog\Home\Lib\Action\IndexAction.class.php 第 77 行.

[ 2016-05-29T15:44:28+08:00 ] 0.0.0.0 /dandelionblog/index.php/Index/IsLogin
INFO: [ app_begin ] --START--
INFO: Run ReadHtmlCache Behavior [ RunTime:0.001000s ]
INFO: [ app_begin ] --END-- [ RunTime:0.001000s ]
NOTIC: [8] Undefined index: login E:\RecordOfLearn\Web\www\dandelionBlog\Home\Lib\Action\IndexAction.class.php 第 77 行.

[ 2016-05-29T15:45:08+08:00 ] 0.0.0.0 /dandelionblog/index.php/Index/IsLogin
INFO: [ app_begin ] --START--
INFO: Run ReadHtmlCache Behavior [ RunTime:0.001000s ]
INFO: [ app_begin ] --END-- [ RunTime:0.001000s ]
NOTIC: [8] Undefined index: login E:\RecordOfLearn\Web\www\dandelionBlog\Home\Lib\Action\IndexAction.class.php 第 77 行.

[ 2016-05-29T15:45:53+08:00 ] 0.0.0.0 /dandelionblog/index.php/Index/IsLogin
INFO: [ app_begin ] --START--
INFO: Run ReadHtmlCache Behavior [ RunTime:0.001000s ]
INFO: [ app_begin ] --END-- [ RunTime:0.001000s ]
NOTIC: [8] Undefined index: login E:\RecordOfLearn\Web\www\dandelionBlog\Home\Lib\Action\IndexAction.class.php 第 78 行.

[ 2016-05-29T15:46:06+08:00 ] 0.0.0.0 /dandelionblog/index.php/Index/IsLogin
INFO: [ app_begin ] --START--
INFO: Run ReadHtmlCache Behavior [ RunTime:0.000000s ]
INFO: [ app_begin ] --END-- [ RunTime:0.001000s ]
NOTIC: [8] Undefined index: login E:\RecordOfLearn\Web\www\dandelionBlog\Home\Lib\Action\IndexAction.class.php 第 78 行.

[ 2016-05-29T15:46:26+08:00 ] 0.0.0.0 /dandelionblog/index.php/Index/IsLogin
INFO: [ app_begin ] --START--
INFO: Run ReadHtmlCache Behavior [ RunTime:0.001000s ]
INFO: [ app_begin ] --END-- [ RunTime:0.001000s ]
NOTIC: [8] Undefined index: login E:\RecordOfLearn\Web\www\dandelionBlog\Home\Lib\Action\IndexAction.class.php 第 77 行.

[ 2016-05-29T15:48:11+08:00 ] 0.0.0.0 /dandelionblog/index.php/Index/IsLogin
INFO: [ app_begin ] --START--
INFO: Run ReadHtmlCache Behavior [ RunTime:0.001000s ]
INFO: [ app_begin ] --END-- [ RunTime:0.001000s ]
NOTIC: [8] Undefined index: login E:\RecordOfLearn\Web\www\dandelionBlog\Home\Lib\Action\IndexAction.class.php 第 77 行.

[ 2016-05-29T15:49:30+08:00 ] 0.0.0.0 /dandelionblog/index.php/Index/IsLogin
INFO: [ app_begin ] --START--
INFO: Run ReadHtmlCache Behavior [ RunTime:0.001000s ]
INFO: [ app_begin ] --END-- [ RunTime:0.001000s ]
NOTIC: [8] Undefined index: login E:\RecordOfLearn\Web\www\dandelionBlog\Home\Lib\Action\IndexAction.class.php 第 77 行.

[ 2016-05-29T15:49:35+08:00 ] 0.0.0.0 /dandelionblog/index.php/Index/IsLogin
INFO: [ app_begin ] --START--
INFO: Run ReadHtmlCache Behavior [ RunTime:0.001000s ]
INFO: [ app_begin ] --END-- [ RunTime:0.001000s ]
NOTIC: [8] Undefined index: login E:\RecordOfLearn\Web\www\dandelionBlog\Home\Lib\Action\IndexAction.class.php 第 77 行.

[ 2016-05-29T15:50:27+08:00 ] 0.0.0.0 /dandelionblog/index.php/Index/IsLogin
INFO: [ app_begin ] --START--
INFO: Run ReadHtmlCache Behavior [ RunTime:0.001000s ]
INFO: [ app_begin ] --END-- [ RunTime:0.001000s ]
NOTIC: [8] Undefined index: login E:\RecordOfLearn\Web\www\dandelionBlog\Home\Lib\Action\IndexAction.class.php 第 77 行.

[ 2016-05-29T15:50:55+08:00 ] 0.0.0.0 /dandelionblog/index.php/Index/IsLogin
INFO: [ app_begin ] --START--
INFO: Run ReadHtmlCache Behavior [ RunTime:0.001000s ]
INFO: [ app_begin ] --END-- [ RunTime:0.001000s ]
NOTIC: [8] Undefined index: login E:\RecordOfLearn\Web\www\dandelionBlog\Home\Lib\Action\IndexAction.class.php 第 77 行.

[ 2016-05-29T15:50:58+08:00 ] 0.0.0.0 /dandelionblog/index.php/Index/IsLogin
INFO: [ app_begin ] --START--
INFO: Run ReadHtmlCache Behavior [ RunTime:0.001000s ]
INFO: [ app_begin ] --END-- [ RunTime:0.002000s ]
NOTIC: [8] Undefined index: login E:\RecordOfLearn\Web\www\dandelionBlog\Home\Lib\Action\IndexAction.class.php 第 77 行.

[ 2016-05-29T15:52:46+08:00 ] 0.0.0.0 /dandelionblog/index.php/Index/IsLogin
INFO: [ app_begin ] --START--
INFO: Run ReadHtmlCache Behavior [ RunTime:0.001000s ]
INFO: [ app_begin ] --END-- [ RunTime:0.001000s ]
NOTIC: [8] Undefined index: login E:\RecordOfLearn\Web\www\dandelionBlog\Home\Lib\Action\IndexAction.class.php 第 77 行.

[ 2016-05-29T15:52:51+08:00 ] 0.0.0.0 /dandelionblog/index.php/Index/IsLogin
INFO: [ app_begin ] --START--
INFO: Run ReadHtmlCache Behavior [ RunTime:0.001001s ]
INFO: [ app_begin ] --END-- [ RunTime:0.001001s ]
NOTIC: [8] Undefined index: login E:\RecordOfLearn\Web\www\dandelionBlog\Home\Lib\Action\IndexAction.class.php 第 77 行.

[ 2016-05-29T15:52:55+08:00 ] 0.0.0.0 /dandelionblog/index.php/Index/IsLogin
INFO: [ app_begin ] --START--
INFO: Run ReadHtmlCache Behavior [ RunTime:0.001000s ]
INFO: [ app_begin ] --END-- [ RunTime:0.001000s ]
NOTIC: [8] Undefined index: login E:\RecordOfLearn\Web\www\dandelionBlog\Home\Lib\Action\IndexAction.class.php 第 77 行.

[ 2016-05-29T15:53:20+08:00 ] 0.0.0.0 /dandelionblog/index.php/Index/IsLogin
INFO: [ app_begin ] --START--
INFO: Run ReadHtmlCache Behavior [ RunTime:0.001000s ]
INFO: [ app_begin ] --END-- [ RunTime:0.001000s ]
NOTIC: [8] Undefined index: login E:\RecordOfLearn\Web\www\dandelionBlog\Home\Lib\Action\IndexAction.class.php 第 77 行.

[ 2016-05-29T16:00:01+08:00 ] 0.0.0.0 /dandelionblog/index.php/Index/IsLogin
INFO: [ app_begin ] --START--
INFO: Run ReadHtmlCache Behavior [ RunTime:0.001000s ]
INFO: [ app_begin ] --END-- [ RunTime:0.001000s ]
NOTIC: [8] Undefined index: login E:\RecordOfLearn\Web\www\dandelionBlog\Home\Lib\Action\IndexAction.class.php 第 77 行.

[ 2016-05-29T16:00:43+08:00 ] 0.0.0.0 /dandelionblog/index.php/Index/IsLogin
INFO: [ app_begin ] --START--
INFO: Run ReadHtmlCache Behavior [ RunTime:0.001000s ]
INFO: [ app_begin ] --END-- [ RunTime:0.001000s ]
NOTIC: [8] Undefined index: login E:\RecordOfLearn\Web\www\dandelionBlog\Home\Lib\Action\IndexAction.class.php 第 77 行.

[ 2016-05-29T16:01:36+08:00 ] 0.0.0.0 /dandelionblog/index.php/Index/IsLogin
INFO: [ app_begin ] --START--
INFO: Run ReadHtmlCache Behavior [ RunTime:0.001000s ]
INFO: [ app_begin ] --END-- [ RunTime:0.002000s ]
NOTIC: [8] Undefined index: login E:\RecordOfLearn\Web\www\dandelionBlog\Home\Lib\Action\IndexAction.class.php 第 77 行.

[ 2016-05-29T16:01:38+08:00 ] 0.0.0.0 /dandelionblog/index.php/Index/IsLogin
INFO: [ app_begin ] --START--
INFO: Run ReadHtmlCache Behavior [ RunTime:0.001000s ]
INFO: [ app_begin ] --END-- [ RunTime:0.001000s ]
NOTIC: [8] Undefined index: login E:\RecordOfLearn\Web\www\dandelionBlog\Home\Lib\Action\IndexAction.class.php 第 77 行.

[ 2016-05-29T16:02:06+08:00 ] 0.0.0.0 /dandelionblog/index.php/Index/IsLogin
INFO: [ app_begin ] --START--
INFO: Run ReadHtmlCache Behavior [ RunTime:0.001000s ]
INFO: [ app_begin ] --END-- [ RunTime:0.001000s ]
NOTIC: [8] Undefined index: login E:\RecordOfLearn\Web\www\dandelionBlog\Home\Lib\Action\IndexAction.class.php 第 77 行.

[ 2016-05-29T16:02:09+08:00 ] 0.0.0.0 /dandelionblog/index.php/Index/IsLogin
INFO: [ app_begin ] --START--
INFO: Run ReadHtmlCache Behavior [ RunTime:0.001001s ]
INFO: [ app_begin ] --END-- [ RunTime:0.002001s ]
NOTIC: [8] Undefined index: login E:\RecordOfLearn\Web\www\dandelionBlog\Home\Lib\Action\IndexAction.class.php 第 77 行.

[ 2016-05-29T16:02:52+08:00 ] 0.0.0.0 /dandelionblog/index.php/Index/IsLogin
INFO: [ app_begin ] --START--
INFO: Run ReadHtmlCache Behavior [ RunTime:0.001000s ]
INFO: [ app_begin ] --END-- [ RunTime:0.001000s ]
NOTIC: [8] Undefined index: login E:\RecordOfLearn\Web\www\dandelionBlog\Home\Lib\Action\IndexAction.class.php 第 77 行.

[ 2016-05-29T16:02:58+08:00 ] 0.0.0.0 /dandelionblog/index.php/Index/IsLogin
INFO: [ app_begin ] --START--
INFO: Run ReadHtmlCache Behavior [ RunTime:0.001000s ]
INFO: [ app_begin ] --END-- [ RunTime:0.001000s ]
NOTIC: [8] Undefined index: login E:\RecordOfLearn\Web\www\dandelionBlog\Home\Lib\Action\IndexAction.class.php 第 77 行.

[ 2016-05-29T16:03:00+08:00 ] 0.0.0.0 /dandelionblog/index.php/Index/IsLogin
INFO: [ app_begin ] --START--
INFO: Run ReadHtmlCache Behavior [ RunTime:0.001000s ]
INFO: [ app_begin ] --END-- [ RunTime:0.001000s ]
NOTIC: [8] Undefined index: login E:\RecordOfLearn\Web\www\dandelionBlog\Home\Lib\Action\IndexAction.class.php 第 77 行.

[ 2016-05-29T16:03:04+08:00 ] 0.0.0.0 /dandelionblog/index.php/Index/IsLogin
INFO: [ app_begin ] --START--
INFO: Run ReadHtmlCache Behavior [ RunTime:0.001000s ]
INFO: [ app_begin ] --END-- [ RunTime:0.001000s ]
NOTIC: [8] Undefined index: login E:\RecordOfLearn\Web\www\dandelionBlog\Home\Lib\Action\IndexAction.class.php 第 77 行.

[ 2016-05-29T16:03:17+08:00 ] 0.0.0.0 /dandelionblog/index.php/Index/IsLogin
INFO: [ app_begin ] --START--
INFO: Run ReadHtmlCache Behavior [ RunTime:0.001000s ]
INFO: [ app_begin ] --END-- [ RunTime:0.001000s ]
NOTIC: [8] Undefined index: login E:\RecordOfLearn\Web\www\dandelionBlog\Home\Lib\Action\IndexAction.class.php 第 77 行.

[ 2016-05-29T16:07:08+08:00 ] 0.0.0.0 /dandelionblog/index.php/Index/IsLogin
INFO: [ app_begin ] --START--
INFO: Run ReadHtmlCache Behavior [ RunTime:0.001000s ]
INFO: [ app_begin ] --END-- [ RunTime:0.002000s ]
NOTIC: [8] Undefined index: login E:\RecordOfLearn\Web\www\dandelionBlog\Home\Lib\Action\IndexAction.class.php 第 77 行.

[ 2016-05-29T16:07:14+08:00 ] 0.0.0.0 /dandelionblog/index.php/Index/IsLogin
INFO: [ app_begin ] --START--
INFO: Run ReadHtmlCache Behavior [ RunTime:0.000000s ]
INFO: [ app_begin ] --END-- [ RunTime:0.001000s ]
NOTIC: [8] Undefined index: login E:\RecordOfLearn\Web\www\dandelionBlog\Home\Lib\Action\IndexAction.class.php 第 77 行.

[ 2016-05-29T16:08:47+08:00 ] 0.0.0.0 /dandelionblog/index.php/Index/IsLogin
INFO: [ app_begin ] --START--
INFO: Run ReadHtmlCache Behavior [ RunTime:0.001000s ]
INFO: [ app_begin ] --END-- [ RunTime:0.002000s ]
NOTIC: [8] Undefined index: login E:\RecordOfLearn\Web\www\dandelionBlog\Home\Lib\Action\IndexAction.class.php 第 77 行.

[ 2016-05-29T16:18:07+08:00 ] 0.0.0.0 /dandelionblog/index.php/Index/IsLogin
INFO: [ app_begin ] --START--
INFO: Run ReadHtmlCache Behavior [ RunTime:0.000000s ]
INFO: [ app_begin ] --END-- [ RunTime:0.001000s ]
NOTIC: [8] Undefined index: login E:\RecordOfLearn\Web\www\dandelionBlog\Home\Lib\Action\IndexAction.class.php 第 77 行.

[ 2016-05-29T16:26:25+08:00 ] 0.0.0.0 /dandelionblog/index.php/Index/IsLogin
INFO: [ app_begin ] --START--
INFO: Run ReadHtmlCache Behavior [ RunTime:0.001001s ]
INFO: [ app_begin ] --END-- [ RunTime:0.002001s ]
NOTIC: [8] Undefined index: login E:\RecordOfLearn\Web\www\dandelionBlog\Home\Lib\Action\IndexAction.class.php 第 77 行.

[ 2016-05-29T16:26:52+08:00 ] 0.0.0.0 /dandelionblog/index.php/Index/IsLogin
INFO: [ app_begin ] --START--
INFO: Run ReadHtmlCache Behavior [ RunTime:0.001000s ]
INFO: [ app_begin ] --END-- [ RunTime:0.001000s ]
NOTIC: [8] Undefined index: login E:\RecordOfLearn\Web\www\dandelionBlog\Home\Lib\Action\IndexAction.class.php 第 77 行.

[ 2016-05-29T16:28:09+08:00 ] 0.0.0.0 /dandelionblog/index.php/Index/IsLogin
INFO: [ app_begin ] --START--
INFO: Run ReadHtmlCache Behavior [ RunTime:0.001000s ]
INFO: [ app_begin ] --END-- [ RunTime:0.001000s ]
NOTIC: [8] Undefined index: login E:\RecordOfLearn\Web\www\dandelionBlog\Home\Lib\Action\IndexAction.class.php 第 77 行.

[ 2016-05-29T16:28:10+08:00 ] 0.0.0.0 /dandelionblog/index.php/Index/IsLogin
INFO: [ app_begin ] --START--
INFO: Run ReadHtmlCache Behavior [ RunTime:0.001000s ]
INFO: [ app_begin ] --END-- [ RunTime:0.001000s ]
NOTIC: [8] Undefined index: login E:\RecordOfLearn\Web\www\dandelionBlog\Home\Lib\Action\IndexAction.class.php 第 77 行.

[ 2016-05-29T16:28:15+08:00 ] 0.0.0.0 /dandelionblog/index.php/Index/IsLogin
INFO: [ app_begin ] --START--
INFO: Run ReadHtmlCache Behavior [ RunTime:0.002000s ]
INFO: [ app_begin ] --END-- [ RunTime:0.002000s ]
NOTIC: [8] Undefined index: login E:\RecordOfLearn\Web\www\dandelionBlog\Home\Lib\Action\IndexAction.class.php 第 77 行.

[ 2016-05-29T16:28:17+08:00 ] 0.0.0.0 /dandelionblog/index.php/Index/IsLogin
INFO: [ app_begin ] --START--
INFO: Run ReadHtmlCache Behavior [ RunTime:0.002000s ]
INFO: [ app_begin ] --END-- [ RunTime:0.002000s ]
NOTIC: [8] Undefined index: login E:\RecordOfLearn\Web\www\dandelionBlog\Home\Lib\Action\IndexAction.class.php 第 77 行.

[ 2016-05-29T16:28:18+08:00 ] 0.0.0.0 /dandelionblog/index.php/Index/IsLogin
INFO: [ app_begin ] --START--
INFO: Run ReadHtmlCache Behavior [ RunTime:0.002000s ]
INFO: [ app_begin ] --END-- [ RunTime:0.002000s ]
NOTIC: [8] Undefined index: login E:\RecordOfLearn\Web\www\dandelionBlog\Home\Lib\Action\IndexAction.class.php 第 77 行.

[ 2016-05-29T16:28:20+08:00 ] 0.0.0.0 /dandelionblog/index.php/Index/IsLogin
INFO: [ app_begin ] --START--
INFO: Run ReadHtmlCache Behavior [ RunTime:0.002000s ]
INFO: [ app_begin ] --END-- [ RunTime:0.002000s ]
NOTIC: [8] Undefined index: login E:\RecordOfLearn\Web\www\dandelionBlog\Home\Lib\Action\IndexAction.class.php 第 77 行.

[ 2016-05-29T16:33:51+08:00 ] 0.0.0.0 /dandelionblog/index.php/Index/IsLogin
INFO: [ app_begin ] --START--
INFO: Run ReadHtmlCache Behavior [ RunTime:0.001000s ]
INFO: [ app_begin ] --END-- [ RunTime:0.001000s ]
NOTIC: [8] Undefined index: login E:\RecordOfLearn\Web\www\dandelionBlog\Home\Lib\Action\IndexAction.class.php 第 77 行.

[ 2016-05-29T16:34:05+08:00 ] 0.0.0.0 /dandelionblog/index.php/Index/IsLogin
INFO: [ app_begin ] --START--
INFO: Run ReadHtmlCache Behavior [ RunTime:0.001001s ]
INFO: [ app_begin ] --END-- [ RunTime:0.001001s ]
NOTIC: [8] Undefined index: login E:\RecordOfLearn\Web\www\dandelionBlog\Home\Lib\Action\IndexAction.class.php 第 77 行.

[ 2016-05-29T16:34:24+08:00 ] 0.0.0.0 /dandelionblog/index.php/Index/IsLogin
INFO: [ app_begin ] --START--
INFO: Run ReadHtmlCache Behavior [ RunTime:0.001000s ]
INFO: [ app_begin ] --END-- [ RunTime:0.001000s ]
NOTIC: [8] Undefined index: login E:\RecordOfLearn\Web\www\dandelionBlog\Home\Lib\Action\IndexAction.class.php 第 77 行.

[ 2016-05-29T16:34:36+08:00 ] 0.0.0.0 /dandelionblog/index.php/Index/IsLogin
INFO: [ app_begin ] --START--
INFO: Run ReadHtmlCache Behavior [ RunTime:0.001000s ]
INFO: [ app_begin ] --END-- [ RunTime:0.001000s ]
NOTIC: [8] Undefined index: login E:\RecordOfLearn\Web\www\dandelionBlog\Home\Lib\Action\IndexAction.class.php 第 77 行.

[ 2016-05-29T16:37:18+08:00 ] 0.0.0.0 /dandelionblog/index.php/Index/IsLogin
INFO: [ app_begin ] --START--
INFO: Run ReadHtmlCache Behavior [ RunTime:0.001000s ]
INFO: [ app_begin ] --END-- [ RunTime:0.002000s ]
NOTIC: [8] Undefined index: login E:\RecordOfLearn\Web\www\dandelionBlog\Home\Lib\Action\IndexAction.class.php 第 77 行.

[ 2016-05-29T16:37:52+08:00 ] 0.0.0.0 /dandelionblog/index.php/Index/IsLogin
INFO: [ app_begin ] --START--
INFO: Run ReadHtmlCache Behavior [ RunTime:0.001000s ]
INFO: [ app_begin ] --END-- [ RunTime:0.001000s ]
NOTIC: [8] Undefined index: login E:\RecordOfLearn\Web\www\dandelionBlog\Home\Lib\Action\IndexAction.class.php 第 77 行.

[ 2016-05-29T16:39:04+08:00 ] 0.0.0.0 /dandelionblog/index.php/Index/IsLogin
INFO: [ app_begin ] --START--
INFO: Run ReadHtmlCache Behavior [ RunTime:0.001000s ]
INFO: [ app_begin ] --END-- [ RunTime:0.001000s ]
NOTIC: [8] Undefined index: login E:\RecordOfLearn\Web\www\dandelionBlog\Home\Lib\Action\IndexAction.class.php 第 77 行.

[ 2016-05-29T16:39:43+08:00 ] 0.0.0.0 /dandelionblog/index.php/Index/IsLogin
INFO: [ app_begin ] --START--
INFO: Run ReadHtmlCache Behavior [ RunTime:0.001000s ]
INFO: [ app_begin ] --END-- [ RunTime:0.001000s ]
NOTIC: [8] Undefined index: login E:\RecordOfLearn\Web\www\dandelionBlog\Home\Lib\Action\IndexAction.class.php 第 77 行.

[ 2016-05-29T16:40:06+08:00 ] 0.0.0.0 /dandelionblog/index.php/Index/IsLogin
INFO: [ app_begin ] --START--
INFO: Run ReadHtmlCache Behavior [ RunTime:0.002000s ]
INFO: [ app_begin ] --END-- [ RunTime:0.002000s ]
NOTIC: [8] Undefined index: login E:\RecordOfLearn\Web\www\dandelionBlog\Home\Lib\Action\IndexAction.class.php 第 77 行.

[ 2016-05-29T16:40:20+08:00 ] 0.0.0.0 /dandelionblog/index.php/Index/IsLogin
INFO: [ app_begin ] --START--
INFO: Run ReadHtmlCache Behavior [ RunTime:0.001000s ]
INFO: [ app_begin ] --END-- [ RunTime:0.001000s ]
NOTIC: [8] Undefined index: login E:\RecordOfLearn\Web\www\dandelionBlog\Home\Lib\Action\IndexAction.class.php 第 77 行.

[ 2016-05-29T16:40:30+08:00 ] 0.0.0.0 /dandelionblog/index.php/Index/IsLogin
INFO: [ app_begin ] --START--
INFO: Run ReadHtmlCache Behavior [ RunTime:0.001000s ]
INFO: [ app_begin ] --END-- [ RunTime:0.001000s ]
NOTIC: [8] Undefined index: login E:\RecordOfLearn\Web\www\dandelionBlog\Home\Lib\Action\IndexAction.class.php 第 77 行.

[ 2016-05-29T16:41:05+08:00 ] 0.0.0.0 /dandelionblog/index.php/Index/IsLogin
INFO: [ app_begin ] --START--
INFO: Run ReadHtmlCache Behavior [ RunTime:0.002001s ]
INFO: [ app_begin ] --END-- [ RunTime:0.002001s ]
NOTIC: [8] Undefined index: login E:\RecordOfLearn\Web\www\dandelionBlog\Home\Lib\Action\IndexAction.class.php 第 77 行.

[ 2016-05-29T16:41:35+08:00 ] 0.0.0.0 /dandelionblog/index.php/Index/IsLogin
INFO: [ app_begin ] --START--
INFO: Run ReadHtmlCache Behavior [ RunTime:0.001000s ]
INFO: [ app_begin ] --END-- [ RunTime:0.002000s ]
NOTIC: [8] Undefined index: login E:\RecordOfLearn\Web\www\dandelionBlog\Home\Lib\Action\IndexAction.class.php 第 77 行.

[ 2016-05-29T16:41:56+08:00 ] 0.0.0.0 /dandelionblog/index.php/Index/IsLogin
INFO: [ app_begin ] --START--
INFO: Run ReadHtmlCache Behavior [ RunTime:0.001000s ]
INFO: [ app_begin ] --END-- [ RunTime:0.001000s ]
NOTIC: [8] Undefined index: login E:\RecordOfLearn\Web\www\dandelionBlog\Home\Lib\Action\IndexAction.class.php 第 77 行.

[ 2016-05-29T16:42:22+08:00 ] 0.0.0.0 /dandelionblog/index.php/Index/IsLogin
INFO: [ app_begin ] --START--
INFO: Run ReadHtmlCache Behavior [ RunTime:0.001000s ]
INFO: [ app_begin ] --END-- [ RunTime:0.001000s ]
NOTIC: [8] Undefined index: login E:\RecordOfLearn\Web\www\dandelionBlog\Home\Lib\Action\IndexAction.class.php 第 77 行.

[ 2016-05-29T16:43:16+08:00 ] 0.0.0.0 /dandelionblog/index.php/Index/IsLogin
INFO: [ app_begin ] --START--
INFO: Run ReadHtmlCache Behavior [ RunTime:0.001001s ]
INFO: [ app_begin ] --END-- [ RunTime:0.002001s ]
NOTIC: [8] Undefined index: login E:\RecordOfLearn\Web\www\dandelionBlog\Home\Lib\Action\IndexAction.class.php 第 77 行.

[ 2016-05-29T16:43:30+08:00 ] 0.0.0.0 /dandelionblog/index.php/Index/IsLogin
INFO: [ app_begin ] --START--
INFO: Run ReadHtmlCache Behavior [ RunTime:0.001000s ]
INFO: [ app_begin ] --END-- [ RunTime:0.001000s ]
NOTIC: [8] Undefined index: login E:\RecordOfLearn\Web\www\dandelionBlog\Home\Lib\Action\IndexAction.class.php 第 77 行.

[ 2016-05-29T16:43:33+08:00 ] 0.0.0.0 /dandelionblog/index.php/Index/IsLogin
INFO: [ app_begin ] --START--
INFO: Run ReadHtmlCache Behavior [ RunTime:0.001000s ]
INFO: [ app_begin ] --END-- [ RunTime:0.002000s ]
NOTIC: [8] Undefined index: login E:\RecordOfLearn\Web\www\dandelionBlog\Home\Lib\Action\IndexAction.class.php 第 77 行.

[ 2016-05-29T16:44:58+08:00 ] 0.0.0.0 /dandelionblog/index.php/Index/IsLogin
INFO: [ app_begin ] --START--
INFO: Run ReadHtmlCache Behavior [ RunTime:0.001000s ]
INFO: [ app_begin ] --END-- [ RunTime:0.001000s ]
NOTIC: [8] Undefined index: login E:\RecordOfLearn\Web\www\dandelionBlog\Home\Lib\Action\IndexAction.class.php 第 77 行.

[ 2016-05-29T16:45:10+08:00 ] 0.0.0.0 /dandelionblog/index.php/Index/IsLogin
INFO: [ app_begin ] --START--
INFO: Run ReadHtmlCache Behavior [ RunTime:0.001000s ]
INFO: [ app_begin ] --END-- [ RunTime:0.001000s ]
NOTIC: [8] Undefined index: login E:\RecordOfLearn\Web\www\dandelionBlog\Home\Lib\Action\IndexAction.class.php 第 77 行.

[ 2016-05-29T16:45:14+08:00 ] 0.0.0.0 /dandelionblog/index.php/Index/IsLogin
INFO: [ app_begin ] --START--
INFO: Run ReadHtmlCache Behavior [ RunTime:0.001000s ]
INFO: [ app_begin ] --END-- [ RunTime:0.002000s ]
NOTIC: [8] Undefined index: login E:\RecordOfLearn\Web\www\dandelionBlog\Home\Lib\Action\IndexAction.class.php 第 77 行.

[ 2016-05-29T16:47:13+08:00 ] 0.0.0.0 /dandelionblog/index.php/Index/IsLogin
INFO: [ app_begin ] --START--
INFO: Run ReadHtmlCache Behavior [ RunTime:0.001000s ]
INFO: [ app_begin ] --END-- [ RunTime:0.001000s ]
NOTIC: [8] Undefined index: login E:\RecordOfLearn\Web\www\dandelionBlog\Home\Lib\Action\IndexAction.class.php 第 77 行.

[ 2016-05-29T16:47:51+08:00 ] 0.0.0.0 /dandelionblog/index.php/Index/IsLogin
INFO: [ app_begin ] --START--
INFO: Run ReadHtmlCache Behavior [ RunTime:0.001000s ]
INFO: [ app_begin ] --END-- [ RunTime:0.001000s ]
NOTIC: [8] Undefined index: login E:\RecordOfLearn\Web\www\dandelionBlog\Home\Lib\Action\IndexAction.class.php 第 77 行.

[ 2016-05-29T16:50:45+08:00 ] 0.0.0.0 /dandelionblog/index.php/Index/IsLogin
INFO: [ app_begin ] --START--
INFO: Run ReadHtmlCache Behavior [ RunTime:0.001000s ]
INFO: [ app_begin ] --END-- [ RunTime:0.001000s ]
NOTIC: [8] Undefined index: login E:\RecordOfLearn\Web\www\dandelionBlog\Home\Lib\Action\IndexAction.class.php 第 77 行.

[ 2016-05-29T16:51:56+08:00 ] 0.0.0.0 /dandelionblog/index.php/Index/IsLogin
INFO: [ app_begin ] --START--
INFO: Run ReadHtmlCache Behavior [ RunTime:0.001000s ]
INFO: [ app_begin ] --END-- [ RunTime:0.001000s ]
NOTIC: [8] Undefined index: login E:\RecordOfLearn\Web\www\dandelionBlog\Home\Lib\Action\IndexAction.class.php 第 77 行.

[ 2016-05-29T16:52:34+08:00 ] 0.0.0.0 /dandelionblog/index.php/Index/IsLogin
INFO: [ app_begin ] --START--
INFO: Run ReadHtmlCache Behavior [ RunTime:0.001000s ]
INFO: [ app_begin ] --END-- [ RunTime:0.002000s ]
NOTIC: [8] Undefined index: login E:\RecordOfLearn\Web\www\dandelionBlog\Home\Lib\Action\IndexAction.class.php 第 77 行.

[ 2016-05-29T16:54:10+08:00 ] 0.0.0.0 /dandelionblog/index.php/Index/IsLogin
INFO: [ app_begin ] --START--
INFO: Run ReadHtmlCache Behavior [ RunTime:0.001000s ]
INFO: [ app_begin ] --END-- [ RunTime:0.002000s ]
NOTIC: [8] Undefined index: login E:\RecordOfLearn\Web\www\dandelionBlog\Home\Lib\Action\IndexAction.class.php 第 77 行.

[ 2016-05-29T16:56:57+08:00 ] 0.0.0.0 /dandelionblog/index.php/Index/IsLogin
INFO: [ app_begin ] --START--
INFO: Run ReadHtmlCache Behavior [ RunTime:0.001000s ]
INFO: [ app_begin ] --END-- [ RunTime:0.002000s ]
NOTIC: [8] Undefined index: login E:\RecordOfLearn\Web\www\dandelionBlog\Home\Lib\Action\IndexAction.class.php 第 77 行.

[ 2016-05-29T21:31:40+08:00 ] 0.0.0.0 /dandelionblog/index.php/Index/IsLogin
INFO: [ app_begin ] --START--
INFO: Run ReadHtmlCache Behavior [ RunTime:0.002000s ]
INFO: [ app_begin ] --END-- [ RunTime:0.002000s ]
NOTIC: [8] Undefined index: login E:\RecordOfLearn\Web\www\dandelionBlog\Home\Lib\Action\IndexAction.class.php 第 77 行.

[ 2016-05-29T21:39:31+08:00 ] 0.0.0.0 /dandelionblog/index.php/Index/IsLogin
INFO: [ app_begin ] --START--
INFO: Run ReadHtmlCache Behavior [ RunTime:0.001000s ]
INFO: [ app_begin ] --END-- [ RunTime:0.001000s ]
NOTIC: [8] Undefined index: login E:\RecordOfLearn\Web\www\dandelionBlog\Home\Lib\Action\IndexAction.class.php 第 77 行.

[ 2016-05-29T21:40:15+08:00 ] 0.0.0.0 /dandelionblog/index.php/Index/IsLogin
INFO: [ app_begin ] --START--
INFO: Run ReadHtmlCache Behavior [ RunTime:0.001000s ]
INFO: [ app_begin ] --END-- [ RunTime:0.001000s ]
NOTIC: [8] Undefined index: login E:\RecordOfLearn\Web\www\dandelionBlog\Home\Lib\Action\IndexAction.class.php 第 77 行.

[ 2016-05-29T21:41:12+08:00 ] 0.0.0.0 /dandelionblog/index.php/Index/IsLogin
INFO: [ app_begin ] --START--
INFO: Run ReadHtmlCache Behavior [ RunTime:0.001000s ]
INFO: [ app_begin ] --END-- [ RunTime:0.001000s ]
NOTIC: [8] Undefined index: login E:\RecordOfLearn\Web\www\dandelionBlog\Home\Lib\Action\IndexAction.class.php 第 77 行.

[ 2016-05-29T21:42:10+08:00 ] 0.0.0.0 /dandelionblog/index.php/Index/IsLogin
INFO: [ app_begin ] --START--
INFO: Run ReadHtmlCache Behavior [ RunTime:0.001000s ]
INFO: [ app_begin ] --END-- [ RunTime:0.001000s ]
NOTIC: [8] Undefined index: login E:\RecordOfLearn\Web\www\dandelionBlog\Home\Lib\Action\IndexAction.class.php 第 77 行.

[ 2016-05-29T21:42:42+08:00 ] 0.0.0.0 /dandelionblog/index.php/Index/IsLogin
INFO: [ app_begin ] --START--
INFO: Run ReadHtmlCache Behavior [ RunTime:0.002000s ]
INFO: [ app_begin ] --END-- [ RunTime:0.002000s ]
NOTIC: [8] Undefined index: login E:\RecordOfLearn\Web\www\dandelionBlog\Home\Lib\Action\IndexAction.class.php 第 77 行.

[ 2016-05-29T21:44:40+08:00 ] 0.0.0.0 /dandelionblog/index.php/Index/IsLogin
INFO: [ app_begin ] --START--
INFO: Run ReadHtmlCache Behavior [ RunTime:0.002000s ]
INFO: [ app_begin ] --END-- [ RunTime:0.002000s ]
NOTIC: [8] Undefined index: login E:\RecordOfLearn\Web\www\dandelionBlog\Home\Lib\Action\IndexAction.class.php 第 77 行.

[ 2016-05-29T21:45:06+08:00 ] 0.0.0.0 /dandelionblog/index.php/Index/IsLogin
INFO: [ app_begin ] --START--
INFO: Run ReadHtmlCache Behavior [ RunTime:0.001000s ]
INFO: [ app_begin ] --END-- [ RunTime:0.001000s ]
NOTIC: [8] Undefined index: login E:\RecordOfLearn\Web\www\dandelionBlog\Home\Lib\Action\IndexAction.class.php 第 77 行.

[ 2016-05-29T21:48:38+08:00 ] 0.0.0.0 /dandelionblog/index.php/Index/IsLogin
INFO: [ app_begin ] --START--
INFO: Run ReadHtmlCache Behavior [ RunTime:0.001000s ]
INFO: [ app_begin ] --END-- [ RunTime:0.002000s ]
NOTIC: [8] Undefined index: login E:\RecordOfLearn\Web\www\dandelionBlog\Home\Lib\Action\IndexAction.class.php 第 77 行.

[ 2016-05-29T21:48:41+08:00 ] 0.0.0.0 /dandelionblog/index.php/Index/IsLogin
INFO: [ app_begin ] --START--
INFO: Run ReadHtmlCache Behavior [ RunTime:0.001000s ]
INFO: [ app_begin ] --END-- [ RunTime:0.001000s ]
NOTIC: [8] Undefined index: login E:\RecordOfLearn\Web\www\dandelionBlog\Home\Lib\Action\IndexAction.class.php 第 77 行.

[ 2016-05-29T21:48:47+08:00 ] 0.0.0.0 /dandelionblog/index.php/Index/IsLogin
INFO: [ app_begin ] --START--
INFO: Run ReadHtmlCache Behavior [ RunTime:0.001000s ]
INFO: [ app_begin ] --END-- [ RunTime:0.001000s ]
NOTIC: [8] Undefined index: login E:\RecordOfLearn\Web\www\dandelionBlog\Home\Lib\Action\IndexAction.class.php 第 77 行.

[ 2016-05-29T21:49:59+08:00 ] 0.0.0.0 /dandelionblog/index.php/Index/IsLogin
INFO: [ app_begin ] --START--
INFO: Run ReadHtmlCache Behavior [ RunTime:0.001000s ]
INFO: [ app_begin ] --END-- [ RunTime:0.001000s ]
NOTIC: [8] Undefined index: login E:\RecordOfLearn\Web\www\dandelionBlog\Home\Lib\Action\IndexAction.class.php 第 77 行.

[ 2016-05-29T21:51:17+08:00 ] 0.0.0.0 /dandelionblog/index.php/Index/IsLogin
INFO: [ app_begin ] --START--
INFO: Run ReadHtmlCache Behavior [ RunTime:0.001000s ]
INFO: [ app_begin ] --END-- [ RunTime:0.001000s ]
NOTIC: [8] Undefined index: login E:\RecordOfLearn\Web\www\dandelionBlog\Home\Lib\Action\IndexAction.class.php 第 77 行.

[ 2016-05-29T21:51:40+08:00 ] 0.0.0.0 /dandelionblog/index.php/Index/IsLogin
INFO: [ app_begin ] --START--
INFO: Run ReadHtmlCache Behavior [ RunTime:0.001000s ]
INFO: [ app_begin ] --END-- [ RunTime:0.001000s ]
NOTIC: [8] Undefined index: login E:\RecordOfLearn\Web\www\dandelionBlog\Home\Lib\Action\IndexAction.class.php 第 77 行.

[ 2016-05-29T21:56:26+08:00 ] 0.0.0.0 /dandelionblog/index.php/Index/IsLogin
INFO: [ app_begin ] --START--
INFO: Run ReadHtmlCache Behavior [ RunTime:0.001000s ]
INFO: [ app_begin ] --END-- [ RunTime:0.001000s ]
NOTIC: [8] Undefined index: login E:\RecordOfLearn\Web\www\dandelionBlog\Home\Lib\Action\IndexAction.class.php 第 77 行.

[ 2016-05-29T21:58:59+08:00 ] 0.0.0.0 /dandelionblog/index.php/Index/IsLogin
INFO: [ app_begin ] --START--
INFO: Run ReadHtmlCache Behavior [ RunTime:0.001000s ]
INFO: [ app_begin ] --END-- [ RunTime:0.001000s ]
NOTIC: [8] Undefined index: login E:\RecordOfLearn\Web\www\dandelionBlog\Home\Lib\Action\IndexAction.class.php 第 77 行.

[ 2016-05-29T22:00:48+08:00 ] 0.0.0.0 /dandelionblog/index.php/Index/IsLogin
INFO: [ app_begin ] --START--
INFO: Run ReadHtmlCache Behavior [ RunTime:0.001000s ]
INFO: [ app_begin ] --END-- [ RunTime:0.001000s ]
NOTIC: [8] Undefined index: login E:\RecordOfLearn\Web\www\dandelionBlog\Home\Lib\Action\IndexAction.class.php 第 77 行.

[ 2016-05-29T22:02:14+08:00 ] 0.0.0.0 /dandelionblog/index.php/Index/IsLogin
INFO: [ app_begin ] --START--
INFO: Run ReadHtmlCache Behavior [ RunTime:0.000000s ]
INFO: [ app_begin ] --END-- [ RunTime:0.001000s ]
NOTIC: [8] Undefined index: login E:\RecordOfLearn\Web\www\dandelionBlog\Home\Lib\Action\IndexAction.class.php 第 77 行.

[ 2016-05-29T22:06:01+08:00 ] 0.0.0.0 /dandelionblog/index.php/Index/IsLogin
INFO: [ app_begin ] --START--
INFO: Run ReadHtmlCache Behavior [ RunTime:0.001001s ]
INFO: [ app_begin ] --END-- [ RunTime:0.001001s ]
NOTIC: [8] Undefined index: login E:\RecordOfLearn\Web\www\dandelionBlog\Home\Lib\Action\IndexAction.class.php 第 77 行.

[ 2016-05-29T22:06:03+08:00 ] 0.0.0.0 /dandelionblog/index.php/Index/IsLogin
INFO: [ app_begin ] --START--
INFO: Run ReadHtmlCache Behavior [ RunTime:0.001000s ]
INFO: [ app_begin ] --END-- [ RunTime:0.001000s ]
NOTIC: [8] Undefined index: login E:\RecordOfLearn\Web\www\dandelionBlog\Home\Lib\Action\IndexAction.class.php 第 77 行.

[ 2016-05-29T22:07:45+08:00 ] 0.0.0.0 /dandelionblog/index.php/Index/IsLogin
INFO: [ app_begin ] --START--
INFO: Run ReadHtmlCache Behavior [ RunTime:0.001000s ]
INFO: [ app_begin ] --END-- [ RunTime:0.002000s ]
NOTIC: [8] Undefined index: login E:\RecordOfLearn\Web\www\dandelionBlog\Home\Lib\Action\IndexAction.class.php 第 77 行.

[ 2016-05-29T22:09:26+08:00 ] 0.0.0.0 /dandelionblog/index.php/Index/IsLogin
INFO: [ app_begin ] --START--
INFO: Run ReadHtmlCache Behavior [ RunTime:0.002000s ]
INFO: [ app_begin ] --END-- [ RunTime:0.002000s ]
NOTIC: [8] Undefined index: login E:\RecordOfLearn\Web\www\dandelionBlog\Home\Lib\Action\IndexAction.class.php 第 77 行.

[ 2016-05-29T22:10:23+08:00 ] 0.0.0.0 /dandelionblog/index.php/Index/IsLogin
INFO: [ app_begin ] --START--
INFO: Run ReadHtmlCache Behavior [ RunTime:0.002000s ]
INFO: [ app_begin ] --END-- [ RunTime:0.002000s ]
NOTIC: [8] Undefined index: login E:\RecordOfLearn\Web\www\dandelionBlog\Home\Lib\Action\IndexAction.class.php 第 77 行.

[ 2016-05-29T22:11:10+08:00 ] 0.0.0.0 /dandelionblog/index.php/Index/IsLogin
INFO: [ app_begin ] --START--
INFO: Run ReadHtmlCache Behavior [ RunTime:0.002000s ]
INFO: [ app_begin ] --END-- [ RunTime:0.002000s ]
NOTIC: [8] Undefined index: login E:\RecordOfLearn\Web\www\dandelionBlog\Home\Lib\Action\IndexAction.class.php 第 77 行.

[ 2016-05-29T22:12:28+08:00 ] 0.0.0.0 /dandelionblog/index.php/Index/IsLogin
INFO: [ app_begin ] --START--
INFO: Run ReadHtmlCache Behavior [ RunTime:0.002000s ]
INFO: [ app_begin ] --END-- [ RunTime:0.002000s ]
NOTIC: [8] Undefined index: login E:\RecordOfLearn\Web\www\dandelionBlog\Home\Lib\Action\IndexAction.class.php 第 77 行.

[ 2016-05-29T22:13:25+08:00 ] 0.0.0.0 /dandelionblog/index.php/Index/IsLogin
INFO: [ app_begin ] --START--
INFO: Run ReadHtmlCache Behavior [ RunTime:0.001000s ]
INFO: [ app_begin ] --END-- [ RunTime:0.001000s ]
NOTIC: [8] Undefined index: login E:\RecordOfLearn\Web\www\dandelionBlog\Home\Lib\Action\IndexAction.class.php 第 77 行.

[ 2016-05-29T22:13:44+08:00 ] 0.0.0.0 /dandelionblog/index.php/Index/IsLogin
INFO: [ app_begin ] --START--
INFO: Run ReadHtmlCache Behavior [ RunTime:0.001000s ]
INFO: [ app_begin ] --END-- [ RunTime:0.002000s ]
NOTIC: [8] Undefined index: login E:\RecordOfLearn\Web\www\dandelionBlog\Home\Lib\Action\IndexAction.class.php 第 77 行.

[ 2016-05-29T22:14:18+08:00 ] 0.0.0.0 /dandelionblog/index.php/Index/IsLogin
INFO: [ app_begin ] --START--
INFO: Run ReadHtmlCache Behavior [ RunTime:0.001000s ]
INFO: [ app_begin ] --END-- [ RunTime:0.001000s ]
NOTIC: [8] Undefined index: login E:\RecordOfLearn\Web\www\dandelionBlog\Home\Lib\Action\IndexAction.class.php 第 77 行.

[ 2016-05-29T22:17:13+08:00 ] 0.0.0.0 /dandelionblog/index.php/Index/IsLogin
INFO: [ app_begin ] --START--
INFO: Run ReadHtmlCache Behavior [ RunTime:0.001000s ]
INFO: [ app_begin ] --END-- [ RunTime:0.001000s ]
NOTIC: [8] Undefined index: login E:\RecordOfLearn\Web\www\dandelionBlog\Home\Lib\Action\IndexAction.class.php 第 77 行.

[ 2016-05-29T22:17:19+08:00 ] 0.0.0.0 /dandelionblog/index.php/Index/IsLogin
INFO: [ app_begin ] --START--
INFO: Run ReadHtmlCache Behavior [ RunTime:0.001000s ]
INFO: [ app_begin ] --END-- [ RunTime:0.001000s ]
NOTIC: [8] Undefined index: login E:\RecordOfLearn\Web\www\dandelionBlog\Home\Lib\Action\IndexAction.class.php 第 77 行.

[ 2016-05-29T22:17:31+08:00 ] 0.0.0.0 /dandelionblog/index.php/Index/IsLogin
INFO: [ app_begin ] --START--
INFO: Run ReadHtmlCache Behavior [ RunTime:0.001000s ]
INFO: [ app_begin ] --END-- [ RunTime:0.002000s ]
NOTIC: [8] Undefined index: login E:\RecordOfLearn\Web\www\dandelionBlog\Home\Lib\Action\IndexAction.class.php 第 77 行.

[ 2016-05-29T22:17:42+08:00 ] 0.0.0.0 /dandelionblog/index.php/Index/IsLogin
INFO: [ app_begin ] --START--
INFO: Run ReadHtmlCache Behavior [ RunTime:0.001000s ]
INFO: [ app_begin ] --END-- [ RunTime:0.002000s ]
NOTIC: [8] Undefined index: login E:\RecordOfLearn\Web\www\dandelionBlog\Home\Lib\Action\IndexAction.class.php 第 77 行.

[ 2016-05-29T22:18:12+08:00 ] 0.0.0.0 /dandelionblog/index.php/Index/IsLogin
INFO: [ app_begin ] --START--
INFO: Run ReadHtmlCache Behavior [ RunTime:0.002000s ]
INFO: [ app_begin ] --END-- [ RunTime:0.002000s ]
NOTIC: [8] Undefined index: login E:\RecordOfLearn\Web\www\dandelionBlog\Home\Lib\Action\IndexAction.class.php 第 77 行.

[ 2016-05-29T22:18:44+08:00 ] 0.0.0.0 /dandelionblog/index.php/Index/IsLogin
INFO: [ app_begin ] --START--
INFO: Run ReadHtmlCache Behavior [ RunTime:0.002000s ]
INFO: [ app_begin ] --END-- [ RunTime:0.002000s ]
NOTIC: [8] Undefined index: login E:\RecordOfLearn\Web\www\dandelionBlog\Home\Lib\Action\IndexAction.class.php 第 77 行.

[ 2016-05-29T22:19:05+08:00 ] 0.0.0.0 /dandelionblog/index.php/Index/IsLogin
INFO: [ app_begin ] --START--
INFO: Run ReadHtmlCache Behavior [ RunTime:0.001000s ]
INFO: [ app_begin ] --END-- [ RunTime:0.002000s ]
NOTIC: [8] Undefined index: login E:\RecordOfLearn\Web\www\dandelionBlog\Home\Lib\Action\IndexAction.class.php 第 77 行.

[ 2016-05-29T22:21:57+08:00 ] 0.0.0.0 /dandelionblog/index.php/Index/IsLogin
INFO: [ app_begin ] --START--
INFO: Run ReadHtmlCache Behavior [ RunTime:0.001000s ]
INFO: [ app_begin ] --END-- [ RunTime:0.002000s ]
NOTIC: [8] Undefined index: login E:\RecordOfLearn\Web\www\dandelionBlog\Home\Lib\Action\IndexAction.class.php 第 77 行.

[ 2016-05-29T22:23:11+08:00 ] 0.0.0.0 /dandelionblog/index.php/Index/IsLogin
INFO: [ app_begin ] --START--
INFO: Run ReadHtmlCache Behavior [ RunTime:0.001000s ]
INFO: [ app_begin ] --END-- [ RunTime:0.001000s ]
NOTIC: [8] Undefined index: login E:\RecordOfLearn\Web\www\dandelionBlog\Home\Lib\Action\IndexAction.class.php 第 77 行.

[ 2016-05-29T22:23:40+08:00 ] 0.0.0.0 /dandelionblog/index.php/Index/IsLogin
INFO: [ app_begin ] --START--
INFO: Run ReadHtmlCache Behavior [ RunTime:0.001000s ]
INFO: [ app_begin ] --END-- [ RunTime:0.002000s ]
NOTIC: [8] Undefined index: login E:\RecordOfLearn\Web\www\dandelionBlog\Home\Lib\Action\IndexAction.class.php 第 77 行.

[ 2016-05-29T22:36:23+08:00 ] 0.0.0.0 /dandelionblog/index.php/Index/IsLogin
INFO: [ app_begin ] --START--
INFO: Run ReadHtmlCache Behavior [ RunTime:0.001000s ]
INFO: [ app_begin ] --END-- [ RunTime:0.002000s ]
NOTIC: [8] Undefined index: login E:\RecordOfLearn\Web\www\dandelionBlog\Home\Lib\Action\IndexAction.class.php 第 80 行.

[ 2016-05-29T22:37:52+08:00 ] 0.0.0.0 /dandelionblog/index.php/Index/IsLogin
INFO: [ app_begin ] --START--
INFO: Run ReadHtmlCache Behavior [ RunTime:0.001000s ]
INFO: [ app_begin ] --END-- [ RunTime:0.001000s ]
NOTIC: [8] Undefined index: login E:\RecordOfLearn\Web\www\dandelionBlog\Home\Lib\Action\IndexAction.class.php 第 82 行.

[ 2016-05-29T22:38:33+08:00 ] 0.0.0.0 /dandelionblog/index.php/Index/IsLogin
INFO: [ app_begin ] --START--
INFO: Run ReadHtmlCache Behavior [ RunTime:0.001000s ]
INFO: [ app_begin ] --END-- [ RunTime:0.001000s ]
NOTIC: [8] Undefined index: login E:\RecordOfLearn\Web\www\dandelionBlog\Home\Lib\Action\IndexAction.class.php 第 82 行.

[ 2016-05-29T22:42:35+08:00 ] 0.0.0.0 /dandelionblog/index.php/Index/IsLogin
INFO: [ app_begin ] --START--
INFO: Run ReadHtmlCache Behavior [ RunTime:0.001000s ]
INFO: [ app_begin ] --END-- [ RunTime:0.001000s ]
NOTIC: [8] Undefined index: login E:\RecordOfLearn\Web\www\dandelionBlog\Home\Lib\Action\IndexAction.class.php 第 82 行.

[ 2016-05-29T22:46:09+08:00 ] 0.0.0.0 /dandelionblog/index.php/Index/IsLogin
INFO: [ app_begin ] --START--
INFO: Run ReadHtmlCache Behavior [ RunTime:0.001000s ]
INFO: [ app_begin ] --END-- [ RunTime:0.002000s ]
NOTIC: [8] Undefined index: login E:\RecordOfLearn\Web\www\dandelionBlog\Home\Lib\Action\IndexAction.class.php 第 82 行.

[ 2016-05-29T22:47:04+08:00 ] 0.0.0.0 /dandelionblog/index.php/Index/IsLogin
INFO: [ app_begin ] --START--
INFO: Run ReadHtmlCache Behavior [ RunTime:0.001000s ]
INFO: [ app_begin ] --END-- [ RunTime:0.002000s ]
NOTIC: [8] Undefined index: login E:\RecordOfLearn\Web\www\dandelionBlog\Home\Lib\Action\IndexAction.class.php 第 82 行.

[ 2016-05-29T22:48:27+08:00 ] 0.0.0.0 /dandelionblog/index.php/Index/IsLogin
INFO: [ app_begin ] --START--
INFO: Run ReadHtmlCache Behavior [ RunTime:0.001000s ]
INFO: [ app_begin ] --END-- [ RunTime:0.002000s ]
NOTIC: [8] Undefined index: login E:\RecordOfLearn\Web\www\dandelionBlog\Home\Lib\Action\IndexAction.class.php 第 82 行.

[ 2016-05-29T22:48:32+08:00 ] 0.0.0.0 /dandelionblog/index.php/Index/IsLogin
INFO: [ app_begin ] --START--
INFO: Run ReadHtmlCache Behavior [ RunTime:0.001000s ]
INFO: [ app_begin ] --END-- [ RunTime:0.002000s ]
NOTIC: [8] Undefined index: login E:\RecordOfLearn\Web\www\dandelionBlog\Home\Lib\Action\IndexAction.class.php 第 82 行.

[ 2016-05-29T22:49:07+08:00 ] 0.0.0.0 /dandelionblog/index.php/Index/IsLogin
INFO: [ app_begin ] --START--
INFO: Run ReadHtmlCache Behavior [ RunTime:0.001000s ]
INFO: [ app_begin ] --END-- [ RunTime:0.001000s ]
NOTIC: [8] Undefined index: login E:\RecordOfLearn\Web\www\dandelionBlog\Home\Lib\Action\IndexAction.class.php 第 82 行.

[ 2016-05-29T22:49:17+08:00 ] 0.0.0.0 /dandelionblog/index.php/Index/IsLogin
INFO: [ app_begin ] --START--
INFO: Run ReadHtmlCache Behavior [ RunTime:0.001000s ]
INFO: [ app_begin ] --END-- [ RunTime:0.001000s ]
NOTIC: [8] Undefined index: login E:\RecordOfLearn\Web\www\dandelionBlog\Home\Lib\Action\IndexAction.class.php 第 82 行.

[ 2016-05-29T22:49:24+08:00 ] 0.0.0.0 /dandelionblog/index.php/Index/IsLogin
INFO: [ app_begin ] --START--
INFO: Run ReadHtmlCache Behavior [ RunTime:0.001000s ]
INFO: [ app_begin ] --END-- [ RunTime:0.001000s ]
NOTIC: [8] Undefined index: login E:\RecordOfLearn\Web\www\dandelionBlog\Home\Lib\Action\IndexAction.class.php 第 82 行.

[ 2016-05-29T22:49:29+08:00 ] 0.0.0.0 /dandelionblog/index.php/Index/IsLogin
INFO: [ app_begin ] --START--
INFO: Run ReadHtmlCache Behavior [ RunTime:0.002000s ]
INFO: [ app_begin ] --END-- [ RunTime:0.002000s ]
NOTIC: [8] Undefined index: login E:\RecordOfLearn\Web\www\dandelionBlog\Home\Lib\Action\IndexAction.class.php 第 82 行.

[ 2016-05-29T22:50:28+08:00 ] 0.0.0.0 /dandelionblog/index.php/Index/IsLogin
INFO: [ app_begin ] --START--
INFO: Run ReadHtmlCache Behavior [ RunTime:0.001000s ]
INFO: [ app_begin ] --END-- [ RunTime:0.001000s ]
NOTIC: [8] Undefined index: login E:\RecordOfLearn\Web\www\dandelionBlog\Home\Lib\Action\IndexAction.class.php 第 87 行.

[ 2016-05-29T22:50:48+08:00 ] 0.0.0.0 /dandelionblog/index.php/Index/IsLogin
INFO: [ app_begin ] --START--
INFO: Run ReadHtmlCache Behavior [ RunTime:0.001000s ]
INFO: [ app_begin ] --END-- [ RunTime:0.002000s ]
NOTIC: [8] Undefined index: login E:\RecordOfLearn\Web\www\dandelionBlog\Home\Lib\Action\IndexAction.class.php 第 87 行.

[ 2016-05-29T22:51:04+08:00 ] 0.0.0.0 /dandelionblog/index.php/Index/IsLogin
INFO: [ app_begin ] --START--
INFO: Run ReadHtmlCache Behavior [ RunTime:0.001000s ]
INFO: [ app_begin ] --END-- [ RunTime:0.001000s ]
NOTIC: [8] Undefined index: login E:\RecordOfLearn\Web\www\dandelionBlog\Home\Lib\Action\IndexAction.class.php 第 87 行.

[ 2016-05-29T22:51:26+08:00 ] 0.0.0.0 /dandelionblog/index.php/Index/IsLogin
INFO: [ app_begin ] --START--
INFO: Run ReadHtmlCache Behavior [ RunTime:0.002000s ]
INFO: [ app_begin ] --END-- [ RunTime:0.002000s ]
NOTIC: [8] Undefined index: login E:\RecordOfLearn\Web\www\dandelionBlog\Home\Lib\Action\IndexAction.class.php 第 87 行.

[ 2016-05-29T22:51:44+08:00 ] 0.0.0.0 /dandelionblog/index.php/Index/IsLogin
INFO: [ app_begin ] --START--
INFO: Run ReadHtmlCache Behavior [ RunTime:0.001000s ]
INFO: [ app_begin ] --END-- [ RunTime:0.001000s ]
NOTIC: [8] Undefined index: login E:\RecordOfLearn\Web\www\dandelionBlog\Home\Lib\Action\IndexAction.class.php 第 87 行.

[ 2016-05-29T22:51:59+08:00 ] 0.0.0.0 /dandelionblog/index.php/Index/IsLogin
INFO: [ app_begin ] --START--
INFO: Run ReadHtmlCache Behavior [ RunTime:0.001000s ]
INFO: [ app_begin ] --END-- [ RunTime:0.001000s ]
NOTIC: [8] Undefined index: login E:\RecordOfLearn\Web\www\dandelionBlog\Home\Lib\Action\IndexAction.class.php 第 87 行.

[ 2016-05-29T22:52:24+08:00 ] 0.0.0.0 /dandelionblog/index.php/Index/IsLogin
INFO: [ app_begin ] --START--
INFO: Run ReadHtmlCache Behavior [ RunTime:0.002000s ]
INFO: [ app_begin ] --END-- [ RunTime:0.002000s ]
NOTIC: [8] Undefined index: login E:\RecordOfLearn\Web\www\dandelionBlog\Home\Lib\Action\IndexAction.class.php 第 87 行.

[ 2016-05-29T22:54:19+08:00 ] 0.0.0.0 /dandelionblog/index.php/Index/IsLogin
INFO: [ app_begin ] --START--
INFO: Run ReadHtmlCache Behavior [ RunTime:0.002001s ]
INFO: [ app_begin ] --END-- [ RunTime:0.002001s ]
NOTIC: [8] Undefined index: login E:\RecordOfLearn\Web\www\dandelionBlog\Home\Lib\Action\IndexAction.class.php 第 87 行.

[ 2016-05-29T22:59:46+08:00 ] 0.0.0.0 /dandelionblog/index.php/Index/IsLogin
INFO: [ app_begin ] --START--
INFO: Run ReadHtmlCache Behavior [ RunTime:0.001000s ]
INFO: [ app_begin ] --END-- [ RunTime:0.002000s ]
NOTIC: [8] Undefined index: login E:\RecordOfLearn\Web\www\dandelionBlog\Home\Lib\Action\IndexAction.class.php 第 87 行.

[ 2016-05-29T23:00:07+08:00 ] 0.0.0.0 /dandelionblog/index.php/Index/IsLogin
INFO: [ app_begin ] --START--
INFO: Run ReadHtmlCache Behavior [ RunTime:0.001000s ]
INFO: [ app_begin ] --END-- [ RunTime:0.002000s ]
NOTIC: [8] Undefined index: login E:\RecordOfLearn\Web\www\dandelionBlog\Home\Lib\Action\IndexAction.class.php 第 87 行.

[ 2016-05-29T23:01:03+08:00 ] 0.0.0.0 /dandelionblog/index.php/Index/IsLogin
INFO: [ app_begin ] --START--
INFO: Run ReadHtmlCache Behavior [ RunTime:0.002000s ]
INFO: [ app_begin ] --END-- [ RunTime:0.002000s ]
NOTIC: [8] Undefined index: login E:\RecordOfLearn\Web\www\dandelionBlog\Home\Lib\Action\IndexAction.class.php 第 87 行.

[ 2016-05-29T23:02:47+08:00 ] 0.0.0.0 /dandelionblog/index.php/Index/IsLogin
INFO: [ app_begin ] --START--
INFO: Run ReadHtmlCache Behavior [ RunTime:0.001000s ]
INFO: [ app_begin ] --END-- [ RunTime:0.001000s ]
NOTIC: [8] Undefined index: login E:\RecordOfLearn\Web\www\dandelionBlog\Home\Lib\Action\IndexAction.class.php 第 87 行.

[ 2016-05-29T23:03:52+08:00 ] 0.0.0.0 /dandelionblog/index.php/Index/IsLogin
INFO: [ app_begin ] --START--
INFO: Run ReadHtmlCache Behavior [ RunTime:0.002000s ]
INFO: [ app_begin ] --END-- [ RunTime:0.002000s ]
NOTIC: [8] Undefined index: login E:\RecordOfLearn\Web\www\dandelionBlog\Home\Lib\Action\IndexAction.class.php 第 87 行.

[ 2016-05-29T23:06:01+08:00 ] 0.0.0.0 /dandelionblog/index.php/Index/IsLogin
INFO: [ app_begin ] --START--
INFO: Run ReadHtmlCache Behavior [ RunTime:0.001000s ]
INFO: [ app_begin ] --END-- [ RunTime:0.001000s ]
NOTIC: [8] Undefined index: login E:\RecordOfLearn\Web\www\dandelionBlog\Home\Lib\Action\IndexAction.class.php 第 87 行.

[ 2016-05-29T23:07:22+08:00 ] 0.0.0.0 /dandelionblog/index.php/Index/IsLogin
INFO: [ app_begin ] --START--
INFO: Run ReadHtmlCache Behavior [ RunTime:0.001000s ]
INFO: [ app_begin ] --END-- [ RunTime:0.002000s ]
NOTIC: [8] Undefined index: login E:\RecordOfLearn\Web\www\dandelionBlog\Home\Lib\Action\IndexAction.class.php 第 93 行.

[ 2016-05-29T23:07:32+08:00 ] 0.0.0.0 /dandelionblog/index.php/Index/IsLogin
INFO: [ app_begin ] --START--
INFO: Run ReadHtmlCache Behavior [ RunTime:0.003000s ]
INFO: [ app_begin ] --END-- [ RunTime:0.004000s ]
NOTIC: [8] Undefined index: login E:\RecordOfLearn\Web\www\dandelionBlog\Home\Lib\Action\IndexAction.class.php 第 93 行.

[ 2016-05-29T23:08:25+08:00 ] 0.0.0.0 /dandelionblog/index.php/Index/IsLogin
INFO: [ app_begin ] --START--
INFO: Run ReadHtmlCache Behavior [ RunTime:0.001000s ]
INFO: [ app_begin ] --END-- [ RunTime:0.001000s ]
NOTIC: [8] Undefined index: login E:\RecordOfLearn\Web\www\dandelionBlog\Home\Lib\Action\IndexAction.class.php 第 93 行.

[ 2016-05-29T23:08:27+08:00 ] 0.0.0.0 /dandelionblog/index.php/Index/IsLogin
INFO: [ app_begin ] --START--
INFO: Run ReadHtmlCache Behavior [ RunTime:0.001000s ]
INFO: [ app_begin ] --END-- [ RunTime:0.002000s ]
NOTIC: [8] Undefined index: login E:\RecordOfLearn\Web\www\dandelionBlog\Home\Lib\Action\IndexAction.class.php 第 93 行.

[ 2016-05-29T23:08:32+08:00 ] 0.0.0.0 /dandelionblog/index.php/Index/IsLogin
INFO: [ app_begin ] --START--
INFO: Run ReadHtmlCache Behavior [ RunTime:0.001000s ]
INFO: [ app_begin ] --END-- [ RunTime:0.001000s ]
NOTIC: [8] Undefined index: login E:\RecordOfLearn\Web\www\dandelionBlog\Home\Lib\Action\IndexAction.class.php 第 93 行.

[ 2016-05-29T23:08:39+08:00 ] 0.0.0.0 /dandelionblog/index.php/Index/IsLogin
INFO: [ app_begin ] --START--
INFO: Run ReadHtmlCache Behavior [ RunTime:0.001000s ]
INFO: [ app_begin ] --END-- [ RunTime:0.001000s ]
NOTIC: [8] Undefined index: login E:\RecordOfLearn\Web\www\dandelionBlog\Home\Lib\Action\IndexAction.class.php 第 93 行.

[ 2016-05-29T23:09:59+08:00 ] 0.0.0.0 /dandelionblog/index.php/Index/IsLogin
INFO: [ app_begin ] --START--
INFO: Run ReadHtmlCache Behavior [ RunTime:0.002000s ]
INFO: [ app_begin ] --END-- [ RunTime:0.002000s ]
NOTIC: [8] Undefined index: login E:\RecordOfLearn\Web\www\dandelionBlog\Home\Lib\Action\IndexAction.class.php 第 93 行.

[ 2016-05-29T23:10:53+08:00 ] 0.0.0.0 /dandelionblog/index.php/Index/IsLogin
INFO: [ app_begin ] --START--
INFO: Run ReadHtmlCache Behavior [ RunTime:0.002000s ]
INFO: [ app_begin ] --END-- [ RunTime:0.002000s ]
NOTIC: [8] Undefined index: login E:\RecordOfLearn\Web\www\dandelionBlog\Home\Lib\Action\IndexAction.class.php 第 93 行.

