[ 2016-04-10T13:08:38+08:00 ] 127.0.0.1 /MyBlog/Index/IsLogin
INFO: [ app_begin ] --START--
INFO: Run ReadHtmlCache Behavior [ RunTime:0.000000s ]
INFO: [ app_begin ] --END-- [ RunTime:0.000000s ]
NOTIC: [8] Undefined index: login E:\RecordOfLearn\Web\www\MyBlog\Home\Lib\Action\IndexAction.class.php 第 82 行.

[ 2016-04-10T13:08:38+08:00 ] 127.0.0.1 /MyBlog/Index/limit
INFO: [ app_begin ] --START--
INFO: Run ReadHtmlCache Behavior [ RunTime:0.000000s ]
INFO: [ app_begin ] --END-- [ RunTime:0.000000s ]

[ 2016-04-10T13:08:38+08:00 ] 127.0.0.1 /MyBlog/Index/limit
INFO: [ app_begin ] --START--
INFO: Run ReadHtmlCache Behavior [ RunTime:0.000000s ]
INFO: [ app_begin ] --END-- [ RunTime:0.000000s ]

[ 2016-04-10T13:08:45+08:00 ] 127.0.0.1 /MyBlog/Index/IsLogin
INFO: [ app_begin ] --START--
INFO: Run ReadHtmlCache Behavior [ RunTime:0.001000s ]
INFO: [ app_begin ] --END-- [ RunTime:0.001000s ]
NOTIC: [8] Undefined index: login E:\RecordOfLearn\Web\www\MyBlog\Home\Lib\Action\IndexAction.class.php 第 82 行.

[ 2016-04-10T13:08:45+08:00 ] 127.0.0.1 /MyBlog/Index/limit
INFO: [ app_begin ] --START--
INFO: Run ReadHtmlCache Behavior [ RunTime:0.001000s ]
INFO: [ app_begin ] --END-- [ RunTime:0.001000s ]

[ 2016-04-10T13:08:45+08:00 ] 127.0.0.1 /MyBlog/Index/limit
INFO: [ app_begin ] --START--
INFO: Run ReadHtmlCache Behavior [ RunTime:0.001000s ]
INFO: [ app_begin ] --END-- [ RunTime:0.001000s ]

[ 2016-04-10T13:09:02+08:00 ] 127.0.0.1 /MyBlog/Index/IsLogin
INFO: [ app_begin ] --START--
INFO: Run ReadHtmlCache Behavior [ RunTime:0.001000s ]
INFO: [ app_begin ] --END-- [ RunTime:0.001000s ]
NOTIC: [8] Undefined index: login E:\RecordOfLearn\Web\www\MyBlog\Home\Lib\Action\IndexAction.class.php 第 82 行.

[ 2016-04-10T13:09:02+08:00 ] 127.0.0.1 /MyBlog/Index/limit
INFO: [ app_begin ] --START--
INFO: Run ReadHtmlCache Behavior [ RunTime:0.001000s ]
INFO: [ app_begin ] --END-- [ RunTime:0.001000s ]

[ 2016-04-10T13:09:02+08:00 ] 127.0.0.1 /MyBlog/Index/limit
INFO: [ app_begin ] --START--
INFO: Run ReadHtmlCache Behavior [ RunTime:0.000000s ]
INFO: [ app_begin ] --END-- [ RunTime:0.001000s ]

[ 2016-04-10T13:09:09+08:00 ] 127.0.0.1 /MyBlog/Login/check
INFO: [ app_begin ] --START--
INFO: Run ReadHtmlCache Behavior [ RunTime:0.001000s ]
INFO: [ app_begin ] --END-- [ RunTime:0.001000s ]

[ 2016-04-10T13:09:12+08:00 ] 127.0.0.1 /MyBlog/Login/check
INFO: [ app_begin ] --START--
INFO: Run ReadHtmlCache Behavior [ RunTime:0.001000s ]
INFO: [ app_begin ] --END-- [ RunTime:0.002000s ]

[ 2016-04-10T13:09:14+08:00 ] 127.0.0.1 /MyBlog/Index/IsLogin
INFO: [ app_begin ] --START--
INFO: Run ReadHtmlCache Behavior [ RunTime:0.001000s ]
INFO: [ app_begin ] --END-- [ RunTime:0.001000s ]

[ 2016-04-10T13:09:14+08:00 ] 127.0.0.1 /MyBlog/Index/limit
INFO: [ app_begin ] --START--
INFO: Run ReadHtmlCache Behavior [ RunTime:0.001000s ]
INFO: [ app_begin ] --END-- [ RunTime:0.001000s ]

[ 2016-04-10T13:09:14+08:00 ] 127.0.0.1 /MyBlog/Index/limit
INFO: [ app_begin ] --START--
INFO: Run ReadHtmlCache Behavior [ RunTime:0.001000s ]
INFO: [ app_begin ] --END-- [ RunTime:0.002000s ]

[ 2016-04-10T13:09:23+08:00 ] 127.0.0.1 /MyBlog/Index/IsLogin
INFO: [ app_begin ] --START--
INFO: Run ReadHtmlCache Behavior [ RunTime:0.001000s ]
INFO: [ app_begin ] --END-- [ RunTime:0.001000s ]

[ 2016-04-10T13:09:23+08:00 ] 127.0.0.1 /MyBlog/Index/limit
INFO: [ app_begin ] --START--
INFO: Run ReadHtmlCache Behavior [ RunTime:0.001000s ]
INFO: [ app_begin ] --END-- [ RunTime:0.001000s ]

[ 2016-04-10T13:09:23+08:00 ] 127.0.0.1 /MyBlog/Index/limit
INFO: [ app_begin ] --START--
INFO: Run ReadHtmlCache Behavior [ RunTime:0.001000s ]
INFO: [ app_begin ] --END-- [ RunTime:0.001000s ]

[ 2016-04-10T13:09:28+08:00 ] 127.0.0.1 /MyBlog/Index/IsLogin
INFO: [ app_begin ] --START--
INFO: Run ReadHtmlCache Behavior [ RunTime:0.001000s ]
INFO: [ app_begin ] --END-- [ RunTime:0.001000s ]
NOTIC: [8] Undefined index: login E:\RecordOfLearn\Web\www\MyBlog\Home\Lib\Action\IndexAction.class.php 第 82 行.

[ 2016-04-10T13:09:28+08:00 ] 127.0.0.1 /MyBlog/Index/limit
INFO: [ app_begin ] --START--
INFO: Run ReadHtmlCache Behavior [ RunTime:0.001000s ]
INFO: [ app_begin ] --END-- [ RunTime:0.001000s ]

[ 2016-04-10T13:09:28+08:00 ] 127.0.0.1 /MyBlog/Index/limit
INFO: [ app_begin ] --START--
INFO: Run ReadHtmlCache Behavior [ RunTime:0.001000s ]
INFO: [ app_begin ] --END-- [ RunTime:0.001000s ]

[ 2016-04-10T13:09:31+08:00 ] 127.0.0.1 /MyBlog/Index/IsLogin
INFO: [ app_begin ] --START--
INFO: Run ReadHtmlCache Behavior [ RunTime:0.000000s ]
INFO: [ app_begin ] --END-- [ RunTime:0.002000s ]
NOTIC: [8] Undefined index: login E:\RecordOfLearn\Web\www\MyBlog\Home\Lib\Action\IndexAction.class.php 第 82 行.

[ 2016-04-10T13:09:31+08:00 ] 127.0.0.1 /MyBlog/Index/limit
INFO: [ app_begin ] --START--
INFO: Run ReadHtmlCache Behavior [ RunTime:0.001000s ]
INFO: [ app_begin ] --END-- [ RunTime:0.001000s ]

[ 2016-04-10T13:09:31+08:00 ] 127.0.0.1 /MyBlog/Index/limit
INFO: [ app_begin ] --START--
INFO: Run ReadHtmlCache Behavior [ RunTime:0.001000s ]
INFO: [ app_begin ] --END-- [ RunTime:0.001000s ]

